19:58:55.528 [background-preinit] INFO  o.h.validator.internal.util.Version - HV000001: Hibernate Validator 6.2.0.Final
19:58:55.606 [main] INFO  c.o.p.PermissionDemoApplication - Starting PermissionDemoApplication using Java 1.8.0_191 on DESKTOP-7P2EMS6 with PID 20340 (E:\idea_workspace\permission-demo\target\classes started by oldman in E:\idea_workspace\permission-demo)
19:58:55.606 [main] INFO  c.o.p.PermissionDemoApplication - No active profile set, falling back to default profiles: default
19:59:21.175 [main] INFO  o.s.d.r.c.RepositoryConfigurationDelegate - Multiple Spring Data modules found, entering strict repository configuration mode!
19:59:27.412 [main] INFO  o.s.d.r.c.RepositoryConfigurationDelegate - Bootstrapping Spring Data Redis repositories in DEFAULT mode.
19:59:29.187 [main] INFO  o.s.d.r.c.RepositoryConfigurationDelegate - Finished Spring Data repository scanning in 1167 ms. Found 0 Redis repository interfaces.
19:59:34.313 [main] INFO  o.s.b.w.e.tomcat.TomcatWebServer - Tomcat initialized with port(s): 9119 (http)
19:59:34.327 [main] INFO  o.a.coyote.http11.Http11NioProtocol - Initializing ProtocolHandler ["http-nio-9119"]
19:59:34.327 [main] INFO  o.a.catalina.core.StandardService - Starting service [Tomcat]
19:59:34.327 [main] INFO  o.a.catalina.core.StandardEngine - Starting Servlet engine: [Apache Tomcat/9.0.50]
19:59:34.426 [main] INFO  o.a.c.c.C.[Tomcat].[localhost].[/] - Initializing Spring embedded WebApplicationContext
19:59:34.426 [main] INFO  o.s.b.w.s.c.ServletWebServerApplicationContext - Root WebApplicationContext: initialization completed in 38470 ms
19:59:37.996 [main] INFO  o.a.coyote.http11.Http11NioProtocol - Starting ProtocolHandler ["http-nio-9119"]
19:59:38.029 [main] INFO  o.s.b.w.e.tomcat.TomcatWebServer - Tomcat started on port(s): 9119 (http) with context path ''
19:59:38.045 [main] INFO  c.o.p.PermissionDemoApplication - Started PermissionDemoApplication in 43.891 seconds (JVM running for 47.291)
20:14:39.201 [http-nio-9119-exec-1] INFO  o.a.c.c.C.[Tomcat].[localhost].[/] - Initializing Spring DispatcherServlet 'dispatcherServlet'
20:14:39.201 [http-nio-9119-exec-1] INFO  o.s.web.servlet.DispatcherServlet - Initializing Servlet 'dispatcherServlet'
20:14:39.203 [http-nio-9119-exec-1] INFO  o.s.web.servlet.DispatcherServlet - Completed initialization in 1 ms
20:14:57.124 [http-nio-9119-exec-3] INFO  com.zaxxer.hikari.HikariDataSource - HikariPool-1 - Starting...
20:14:58.865 [http-nio-9119-exec-3] ERROR com.zaxxer.hikari.pool.HikariPool - HikariPool-1 - Exception during pool initialization.
java.sql.SQLException: Access denied for user 'root'@'localhost' (using password: YES)
	at com.mysql.cj.jdbc.exceptions.SQLError.createSQLException(SQLError.java:129)
	at com.mysql.cj.jdbc.exceptions.SQLExceptionsMapping.translateException(SQLExceptionsMapping.java:122)
	at com.mysql.cj.jdbc.ConnectionImpl.createNewIO(ConnectionImpl.java:828)
	at com.mysql.cj.jdbc.ConnectionImpl.<init>(ConnectionImpl.java:448)
	at com.mysql.cj.jdbc.ConnectionImpl.getInstance(ConnectionImpl.java:241)
	at com.mysql.cj.jdbc.NonRegisteringDriver.connect(NonRegisteringDriver.java:198)
	at com.zaxxer.hikari.util.DriverDataSource.getConnection(DriverDataSource.java:138)
	at com.zaxxer.hikari.pool.PoolBase.newConnection(PoolBase.java:364)
	at com.zaxxer.hikari.pool.PoolBase.newPoolEntry(PoolBase.java:206)
	at com.zaxxer.hikari.pool.HikariPool.createPoolEntry(HikariPool.java:476)
	at com.zaxxer.hikari.pool.HikariPool.checkFailFast(HikariPool.java:561)
	at com.zaxxer.hikari.pool.HikariPool.<init>(HikariPool.java:115)
	at com.zaxxer.hikari.HikariDataSource.getConnection(HikariDataSource.java:112)
	at org.springframework.jdbc.datasource.DataSourceTransactionManager.doBegin(DataSourceTransactionManager.java:265)
	at org.springframework.transaction.support.AbstractPlatformTransactionManager.startTransaction(AbstractPlatformTransactionManager.java:400)
	at org.springframework.transaction.support.AbstractPlatformTransactionManager.getTransaction(AbstractPlatformTransactionManager.java:373)
	at org.springframework.transaction.interceptor.TransactionAspectSupport.createTransactionIfNecessary(TransactionAspectSupport.java:595)
	at org.springframework.transaction.interceptor.TransactionAspectSupport.invokeWithinTransaction(TransactionAspectSupport.java:382)
	at org.springframework.transaction.interceptor.TransactionInterceptor.invoke(TransactionInterceptor.java:119)
	at org.springframework.aop.framework.ReflectiveMethodInvocation.proceed(ReflectiveMethodInvocation.java:186)
	at org.springframework.aop.framework.CglibAopProxy$CglibMethodInvocation.proceed(CglibAopProxy.java:750)
	at org.springframework.aop.framework.CglibAopProxy$DynamicAdvisedInterceptor.intercept(CglibAopProxy.java:692)
	at com.oldman.permission.service.impl.SysUserServiceImpl$$EnhancerBySpringCGLIB$$668e4726.login(<generated>)
	at com.oldman.permission.controller.SysUserController.login(SysUserController.java:31)
	at sun.reflect.NativeMethodAccessorImpl.invoke0(Native Method)
	at sun.reflect.NativeMethodAccessorImpl.invoke(NativeMethodAccessorImpl.java:62)
	at sun.reflect.DelegatingMethodAccessorImpl.invoke(DelegatingMethodAccessorImpl.java:43)
	at java.lang.reflect.Method.invoke(Method.java:498)
	at org.springframework.web.method.support.InvocableHandlerMethod.doInvoke(InvocableHandlerMethod.java:197)
	at org.springframework.web.method.support.InvocableHandlerMethod.invokeForRequest(InvocableHandlerMethod.java:141)
	at org.springframework.web.servlet.mvc.method.annotation.ServletInvocableHandlerMethod.invokeAndHandle(ServletInvocableHandlerMethod.java:106)
	at org.springframework.web.servlet.mvc.method.annotation.RequestMappingHandlerAdapter.invokeHandlerMethod(RequestMappingHandlerAdapter.java:895)
	at org.springframework.web.servlet.mvc.method.annotation.RequestMappingHandlerAdapter.handleInternal(RequestMappingHandlerAdapter.java:808)
	at org.springframework.web.servlet.mvc.method.AbstractHandlerMethodAdapter.handle(AbstractHandlerMethodAdapter.java:87)
	at org.springframework.web.servlet.DispatcherServlet.doDispatch(DispatcherServlet.java:1064)
	at org.springframework.web.servlet.DispatcherServlet.doService(DispatcherServlet.java:963)
	at org.springframework.web.servlet.FrameworkServlet.processRequest(FrameworkServlet.java:1006)
	at org.springframework.web.servlet.FrameworkServlet.doPost(FrameworkServlet.java:909)
	at javax.servlet.http.HttpServlet.service(HttpServlet.java:681)
	at org.springframework.web.servlet.FrameworkServlet.service(FrameworkServlet.java:883)
	at javax.servlet.http.HttpServlet.service(HttpServlet.java:764)
	at org.apache.catalina.core.ApplicationFilterChain.internalDoFilter(ApplicationFilterChain.java:228)
	at org.apache.catalina.core.ApplicationFilterChain.doFilter(ApplicationFilterChain.java:163)
	at org.apache.tomcat.websocket.server.WsFilter.doFilter(WsFilter.java:53)
	at org.apache.catalina.core.ApplicationFilterChain.internalDoFilter(ApplicationFilterChain.java:190)
	at org.apache.catalina.core.ApplicationFilterChain.doFilter(ApplicationFilterChain.java:163)
	at org.springframework.web.filter.OncePerRequestFilter.doFilter(OncePerRequestFilter.java:113)
	at org.apache.catalina.core.ApplicationFilterChain.internalDoFilter(ApplicationFilterChain.java:190)
	at org.apache.catalina.core.ApplicationFilterChain.doFilter(ApplicationFilterChain.java:163)
	at org.springframework.web.filter.OncePerRequestFilter.doFilter(OncePerRequestFilter.java:113)
	at org.apache.catalina.core.ApplicationFilterChain.internalDoFilter(ApplicationFilterChain.java:190)
	at org.apache.catalina.core.ApplicationFilterChain.doFilter(ApplicationFilterChain.java:163)
	at org.springframework.web.filter.OncePerRequestFilter.doFilter(OncePerRequestFilter.java:113)
	at org.apache.catalina.core.ApplicationFilterChain.internalDoFilter(ApplicationFilterChain.java:190)
	at org.apache.catalina.core.ApplicationFilterChain.doFilter(ApplicationFilterChain.java:163)
	at org.apache.catalina.core.ApplicationDispatcher.invoke(ApplicationDispatcher.java:711)
	at org.apache.catalina.core.ApplicationDispatcher.processRequest(ApplicationDispatcher.java:459)
	at org.apache.catalina.core.ApplicationDispatcher.doForward(ApplicationDispatcher.java:385)
	at org.apache.catalina.core.ApplicationDispatcher.forward(ApplicationDispatcher.java:313)
	at com.oldman.permission.common.filter.UrlFilter.doFilter(UrlFilter.java:25)
	at org.apache.catalina.core.ApplicationFilterChain.internalDoFilter(ApplicationFilterChain.java:190)
	at org.apache.catalina.core.ApplicationFilterChain.doFilter(ApplicationFilterChain.java:163)
	at org.springframework.web.filter.RequestContextFilter.doFilterInternal(RequestContextFilter.java:100)
	at org.springframework.web.filter.OncePerRequestFilter.doFilter(OncePerRequestFilter.java:119)
	at org.apache.catalina.core.ApplicationFilterChain.internalDoFilter(ApplicationFilterChain.java:190)
	at org.apache.catalina.core.ApplicationFilterChain.doFilter(ApplicationFilterChain.java:163)
	at org.springframework.web.filter.FormContentFilter.doFilterInternal(FormContentFilter.java:93)
	at org.springframework.web.filter.OncePerRequestFilter.doFilter(OncePerRequestFilter.java:119)
	at org.apache.catalina.core.ApplicationFilterChain.internalDoFilter(ApplicationFilterChain.java:190)
	at org.apache.catalina.core.ApplicationFilterChain.doFilter(ApplicationFilterChain.java:163)
	at org.springframework.web.filter.CharacterEncodingFilter.doFilterInternal(CharacterEncodingFilter.java:201)
	at org.springframework.web.filter.OncePerRequestFilter.doFilter(OncePerRequestFilter.java:119)
	at org.apache.catalina.core.ApplicationFilterChain.internalDoFilter(ApplicationFilterChain.java:190)
	at org.apache.catalina.core.ApplicationFilterChain.doFilter(ApplicationFilterChain.java:163)
	at org.apache.catalina.core.StandardWrapperValve.invoke(StandardWrapperValve.java:202)
	at org.apache.catalina.core.StandardContextValve.invoke(StandardContextValve.java:97)
	at org.apache.catalina.authenticator.AuthenticatorBase.invoke(AuthenticatorBase.java:542)
	at org.apache.catalina.core.StandardHostValve.invoke(StandardHostValve.java:143)
	at org.apache.catalina.valves.ErrorReportValve.invoke(ErrorReportValve.java:92)
	at org.apache.catalina.core.StandardEngineValve.invoke(StandardEngineValve.java:78)
	at org.apache.catalina.connector.CoyoteAdapter.service(CoyoteAdapter.java:357)
	at org.apache.coyote.http11.Http11Processor.service(Http11Processor.java:382)
	at org.apache.coyote.AbstractProcessorLight.process(AbstractProcessorLight.java:65)
	at org.apache.coyote.AbstractProtocol$ConnectionHandler.process(AbstractProtocol.java:893)
	at org.apache.tomcat.util.net.NioEndpoint$SocketProcessor.doRun(NioEndpoint.java:1723)
	at org.apache.tomcat.util.net.SocketProcessorBase.run(SocketProcessorBase.java:49)
	at java.util.concurrent.ThreadPoolExecutor.runWorker(ThreadPoolExecutor.java:1149)
	at java.util.concurrent.ThreadPoolExecutor$Worker.run(ThreadPoolExecutor.java:624)
	at org.apache.tomcat.util.threads.TaskThread$WrappingRunnable.run(TaskThread.java:61)
	at java.lang.Thread.run(Thread.java:748)
20:14:58.867 [http-nio-9119-exec-3] ERROR c.o.p.c.a.GlobalExceptionHandler - 异常类型: org.springframework.transaction.CannotCreateTransactionException，异常详情：Could not open JDBC Connection for transaction; nested exception is java.sql.SQLException: Access denied for user 'root'@'localhost' (using password: YES)，异常文件：DataSourceTransactionManager.java，异常方法：doBegin，行号：309
20:15:28.265 [background-preinit] INFO  o.h.validator.internal.util.Version - HV000001: Hibernate Validator 6.2.0.Final
20:15:28.273 [main] INFO  c.o.p.PermissionDemoApplication - Starting PermissionDemoApplication using Java 1.8.0_191 on DESKTOP-7P2EMS6 with PID 21688 (E:\idea_workspace\permission-demo\target\classes started by oldman in E:\idea_workspace\permission-demo)
20:15:28.273 [main] INFO  c.o.p.PermissionDemoApplication - No active profile set, falling back to default profiles: default
20:15:28.845 [main] INFO  o.s.d.r.c.RepositoryConfigurationDelegate - Multiple Spring Data modules found, entering strict repository configuration mode!
20:15:28.846 [main] INFO  o.s.d.r.c.RepositoryConfigurationDelegate - Bootstrapping Spring Data Redis repositories in DEFAULT mode.
20:15:28.866 [main] INFO  o.s.d.r.c.RepositoryConfigurationDelegate - Finished Spring Data repository scanning in 11 ms. Found 0 Redis repository interfaces.
20:15:29.298 [main] INFO  o.s.b.w.e.tomcat.TomcatWebServer - Tomcat initialized with port(s): 9119 (http)
20:15:29.307 [main] INFO  o.a.coyote.http11.Http11NioProtocol - Initializing ProtocolHandler ["http-nio-9119"]
20:15:29.308 [main] INFO  o.a.catalina.core.StandardService - Starting service [Tomcat]
20:15:29.308 [main] INFO  o.a.catalina.core.StandardEngine - Starting Servlet engine: [Apache Tomcat/9.0.50]
20:15:29.367 [main] INFO  o.a.c.c.C.[Tomcat].[localhost].[/] - Initializing Spring embedded WebApplicationContext
20:15:29.367 [main] INFO  o.s.b.w.s.c.ServletWebServerApplicationContext - Root WebApplicationContext: initialization completed in 1037 ms
20:15:30.853 [main] INFO  o.a.coyote.http11.Http11NioProtocol - Starting ProtocolHandler ["http-nio-9119"]
20:15:30.867 [main] INFO  o.s.b.w.e.tomcat.TomcatWebServer - Tomcat started on port(s): 9119 (http) with context path ''
20:15:30.874 [main] INFO  c.o.p.PermissionDemoApplication - Started PermissionDemoApplication in 2.998 seconds (JVM running for 4.036)
20:15:51.517 [http-nio-9119-exec-1] INFO  o.a.c.c.C.[Tomcat].[localhost].[/] - Initializing Spring DispatcherServlet 'dispatcherServlet'
20:15:51.517 [http-nio-9119-exec-1] INFO  o.s.web.servlet.DispatcherServlet - Initializing Servlet 'dispatcherServlet'
20:15:51.518 [http-nio-9119-exec-1] INFO  o.s.web.servlet.DispatcherServlet - Completed initialization in 1 ms
20:15:51.670 [http-nio-9119-exec-1] INFO  com.zaxxer.hikari.HikariDataSource - HikariPool-1 - Starting...
20:15:52.187 [http-nio-9119-exec-1] INFO  com.zaxxer.hikari.HikariDataSource - HikariPool-1 - Start completed.
20:15:52.926 [http-nio-9119-exec-1] ERROR c.o.p.c.a.GlobalExceptionHandler - 异常信息: 验证码已过期
20:16:00.321 [http-nio-9119-exec-2] ERROR c.o.p.c.a.GlobalExceptionHandler - 异常信息: 验证码已过期
20:18:07.488 [SpringApplicationShutdownHook] INFO  com.zaxxer.hikari.HikariDataSource - HikariPool-1 - Shutdown initiated...
20:18:07.498 [SpringApplicationShutdownHook] INFO  com.zaxxer.hikari.HikariDataSource - HikariPool-1 - Shutdown completed.
20:18:12.706 [background-preinit] INFO  o.h.validator.internal.util.Version - HV000001: Hibernate Validator 6.2.0.Final
20:18:12.714 [main] INFO  c.o.p.PermissionDemoApplication - Starting PermissionDemoApplication using Java 1.8.0_191 on DESKTOP-7P2EMS6 with PID 10768 (E:\idea_workspace\permission-demo\target\classes started by oldman in E:\idea_workspace\permission-demo)
20:18:12.715 [main] INFO  c.o.p.PermissionDemoApplication - No active profile set, falling back to default profiles: default
20:18:13.257 [main] INFO  o.s.d.r.c.RepositoryConfigurationDelegate - Multiple Spring Data modules found, entering strict repository configuration mode!
20:18:13.259 [main] INFO  o.s.d.r.c.RepositoryConfigurationDelegate - Bootstrapping Spring Data Redis repositories in DEFAULT mode.
20:18:13.282 [main] INFO  o.s.d.r.c.RepositoryConfigurationDelegate - Finished Spring Data repository scanning in 9 ms. Found 0 Redis repository interfaces.
20:18:13.675 [main] INFO  o.s.b.w.e.tomcat.TomcatWebServer - Tomcat initialized with port(s): 9119 (http)
20:18:13.682 [main] INFO  o.a.coyote.http11.Http11NioProtocol - Initializing ProtocolHandler ["http-nio-9119"]
20:18:13.682 [main] INFO  o.a.catalina.core.StandardService - Starting service [Tomcat]
20:18:13.682 [main] INFO  o.a.catalina.core.StandardEngine - Starting Servlet engine: [Apache Tomcat/9.0.50]
20:18:13.740 [main] INFO  o.a.c.c.C.[Tomcat].[localhost].[/] - Initializing Spring embedded WebApplicationContext
20:18:13.740 [main] INFO  o.s.b.w.s.c.ServletWebServerApplicationContext - Root WebApplicationContext: initialization completed in 988 ms
20:18:15.134 [main] INFO  o.a.coyote.http11.Http11NioProtocol - Starting ProtocolHandler ["http-nio-9119"]
20:18:15.148 [main] INFO  o.s.b.w.e.tomcat.TomcatWebServer - Tomcat started on port(s): 9119 (http) with context path ''
20:18:15.155 [main] INFO  c.o.p.PermissionDemoApplication - Started PermissionDemoApplication in 2.851 seconds (JVM running for 3.77)
20:18:31.353 [http-nio-9119-exec-1] INFO  o.a.c.c.C.[Tomcat].[localhost].[/] - Initializing Spring DispatcherServlet 'dispatcherServlet'
20:18:31.353 [http-nio-9119-exec-1] INFO  o.s.web.servlet.DispatcherServlet - Initializing Servlet 'dispatcherServlet'
20:18:31.354 [http-nio-9119-exec-1] INFO  o.s.web.servlet.DispatcherServlet - Completed initialization in 1 ms
20:18:31.509 [http-nio-9119-exec-1] INFO  com.zaxxer.hikari.HikariDataSource - HikariPool-1 - Starting...
20:18:31.990 [http-nio-9119-exec-1] INFO  com.zaxxer.hikari.HikariDataSource - HikariPool-1 - Start completed.
20:18:32.717 [http-nio-9119-exec-1] ERROR c.o.p.c.a.GlobalExceptionHandler - 异常信息: 验证码错误
20:18:37.111 [http-nio-9119-exec-3] ERROR c.o.p.c.a.GlobalExceptionHandler - 异常信息: 验证码错误
20:18:39.048 [http-nio-9119-exec-2] ERROR c.o.p.c.a.GlobalExceptionHandler - 异常信息: 验证码错误
20:18:42.254 [http-nio-9119-exec-4] ERROR c.o.p.c.a.GlobalExceptionHandler - 异常信息: 验证码错误
20:18:42.937 [http-nio-9119-exec-7] ERROR c.o.p.c.a.GlobalExceptionHandler - 异常信息: 验证码错误
20:18:43.870 [http-nio-9119-exec-6] ERROR c.o.p.c.a.GlobalExceptionHandler - 异常信息: 验证码错误
20:18:44.499 [http-nio-9119-exec-5] ERROR c.o.p.c.a.GlobalExceptionHandler - 异常信息: 验证码错误
20:19:43.349 [SpringApplicationShutdownHook] INFO  com.zaxxer.hikari.HikariDataSource - HikariPool-1 - Shutdown initiated...
20:19:43.354 [SpringApplicationShutdownHook] INFO  com.zaxxer.hikari.HikariDataSource - HikariPool-1 - Shutdown completed.
20:19:48.248 [background-preinit] INFO  o.h.validator.internal.util.Version - HV000001: Hibernate Validator 6.2.0.Final
20:19:48.255 [main] INFO  c.o.p.PermissionDemoApplication - Starting PermissionDemoApplication using Java 1.8.0_191 on DESKTOP-7P2EMS6 with PID 17468 (E:\idea_workspace\permission-demo\target\classes started by oldman in E:\idea_workspace\permission-demo)
20:19:48.255 [main] INFO  c.o.p.PermissionDemoApplication - No active profile set, falling back to default profiles: default
20:19:48.838 [main] INFO  o.s.d.r.c.RepositoryConfigurationDelegate - Multiple Spring Data modules found, entering strict repository configuration mode!
20:19:48.839 [main] INFO  o.s.d.r.c.RepositoryConfigurationDelegate - Bootstrapping Spring Data Redis repositories in DEFAULT mode.
20:19:48.865 [main] INFO  o.s.d.r.c.RepositoryConfigurationDelegate - Finished Spring Data repository scanning in 14 ms. Found 0 Redis repository interfaces.
20:19:49.261 [main] INFO  o.s.b.w.e.tomcat.TomcatWebServer - Tomcat initialized with port(s): 9119 (http)
20:19:49.271 [main] INFO  o.a.coyote.http11.Http11NioProtocol - Initializing ProtocolHandler ["http-nio-9119"]
20:19:49.271 [main] INFO  o.a.catalina.core.StandardService - Starting service [Tomcat]
20:19:49.271 [main] INFO  o.a.catalina.core.StandardEngine - Starting Servlet engine: [Apache Tomcat/9.0.50]
20:19:49.329 [main] INFO  o.a.c.c.C.[Tomcat].[localhost].[/] - Initializing Spring embedded WebApplicationContext
20:19:49.329 [main] INFO  o.s.b.w.s.c.ServletWebServerApplicationContext - Root WebApplicationContext: initialization completed in 1039 ms
20:19:50.727 [main] INFO  o.a.coyote.http11.Http11NioProtocol - Starting ProtocolHandler ["http-nio-9119"]
20:19:50.743 [main] INFO  o.s.b.w.e.tomcat.TomcatWebServer - Tomcat started on port(s): 9119 (http) with context path ''
20:19:50.752 [main] INFO  c.o.p.PermissionDemoApplication - Started PermissionDemoApplication in 2.902 seconds (JVM running for 3.768)
20:20:02.439 [http-nio-9119-exec-1] INFO  o.a.c.c.C.[Tomcat].[localhost].[/] - Initializing Spring DispatcherServlet 'dispatcherServlet'
20:20:02.440 [http-nio-9119-exec-1] INFO  o.s.web.servlet.DispatcherServlet - Initializing Servlet 'dispatcherServlet'
20:20:02.442 [http-nio-9119-exec-1] INFO  o.s.web.servlet.DispatcherServlet - Completed initialization in 2 ms
20:20:02.592 [http-nio-9119-exec-1] INFO  com.zaxxer.hikari.HikariDataSource - HikariPool-1 - Starting...
20:20:03.093 [http-nio-9119-exec-1] INFO  com.zaxxer.hikari.HikariDataSource - HikariPool-1 - Start completed.
20:20:03.798 [http-nio-9119-exec-1] ERROR c.o.p.c.a.GlobalExceptionHandler - 异常信息: 验证码错误或失效，请切换验证码重试
20:20:20.922 [http-nio-9119-exec-4] ERROR c.o.p.c.a.GlobalExceptionHandler - 异常信息: 验证码错误或失效，请切换验证码重试
22:37:47.261 [SpringApplicationShutdownHook] INFO  com.zaxxer.hikari.HikariDataSource - HikariPool-1 - Shutdown initiated...
22:37:47.266 [SpringApplicationShutdownHook] INFO  com.zaxxer.hikari.HikariDataSource - HikariPool-1 - Shutdown completed.
22:37:54.228 [background-preinit] INFO  o.h.validator.internal.util.Version - HV000001: Hibernate Validator 6.2.0.Final
22:37:54.233 [main] INFO  c.o.p.PermissionDemoApplication - Starting PermissionDemoApplication using Java 1.8.0_191 on DESKTOP-7P2EMS6 with PID 24228 (E:\idea_workspace\permission-demo\target\classes started by oldman in E:\idea_workspace\permission-demo)
22:37:54.233 [main] INFO  c.o.p.PermissionDemoApplication - No active profile set, falling back to default profiles: default
22:37:54.712 [main] INFO  o.s.d.r.c.RepositoryConfigurationDelegate - Multiple Spring Data modules found, entering strict repository configuration mode!
22:37:54.713 [main] INFO  o.s.d.r.c.RepositoryConfigurationDelegate - Bootstrapping Spring Data Redis repositories in DEFAULT mode.
22:37:54.735 [main] INFO  o.s.d.r.c.RepositoryConfigurationDelegate - Finished Spring Data repository scanning in 12 ms. Found 0 Redis repository interfaces.
22:37:55.091 [main] INFO  o.s.b.w.e.tomcat.TomcatWebServer - Tomcat initialized with port(s): 9119 (http)
22:37:55.098 [main] INFO  o.a.coyote.http11.Http11NioProtocol - Initializing ProtocolHandler ["http-nio-9119"]
22:37:55.099 [main] INFO  o.a.catalina.core.StandardService - Starting service [Tomcat]
22:37:55.099 [main] INFO  o.a.catalina.core.StandardEngine - Starting Servlet engine: [Apache Tomcat/9.0.50]
22:37:55.147 [main] INFO  o.a.c.c.C.[Tomcat].[localhost].[/] - Initializing Spring embedded WebApplicationContext
22:37:55.147 [main] INFO  o.s.b.w.s.c.ServletWebServerApplicationContext - Root WebApplicationContext: initialization completed in 881 ms
22:37:56.413 [main] INFO  o.a.coyote.http11.Http11NioProtocol - Starting ProtocolHandler ["http-nio-9119"]
22:37:56.425 [main] INFO  o.s.b.w.e.tomcat.TomcatWebServer - Tomcat started on port(s): 9119 (http) with context path ''
22:37:56.432 [main] INFO  c.o.p.PermissionDemoApplication - Started PermissionDemoApplication in 2.529 seconds (JVM running for 3.32)
22:39:16.539 [background-preinit] INFO  o.h.validator.internal.util.Version - HV000001: Hibernate Validator 6.2.0.Final
22:39:16.546 [main] INFO  c.o.p.PermissionDemoApplication - Starting PermissionDemoApplication using Java 1.8.0_191 on DESKTOP-7P2EMS6 with PID 10160 (E:\idea_workspace\permission-demo\target\classes started by oldman in E:\idea_workspace\permission-demo)
22:39:16.546 [main] INFO  c.o.p.PermissionDemoApplication - No active profile set, falling back to default profiles: default
22:39:17.061 [main] INFO  o.s.d.r.c.RepositoryConfigurationDelegate - Multiple Spring Data modules found, entering strict repository configuration mode!
22:39:17.063 [main] INFO  o.s.d.r.c.RepositoryConfigurationDelegate - Bootstrapping Spring Data Redis repositories in DEFAULT mode.
22:39:17.087 [main] INFO  o.s.d.r.c.RepositoryConfigurationDelegate - Finished Spring Data repository scanning in 9 ms. Found 0 Redis repository interfaces.
22:39:17.453 [main] INFO  o.s.b.w.e.tomcat.TomcatWebServer - Tomcat initialized with port(s): 9119 (http)
22:39:17.458 [main] INFO  o.a.coyote.http11.Http11NioProtocol - Initializing ProtocolHandler ["http-nio-9119"]
22:39:17.459 [main] INFO  o.a.catalina.core.StandardService - Starting service [Tomcat]
22:39:17.459 [main] INFO  o.a.catalina.core.StandardEngine - Starting Servlet engine: [Apache Tomcat/9.0.50]
22:39:17.512 [main] INFO  o.a.c.c.C.[Tomcat].[localhost].[/] - Initializing Spring embedded WebApplicationContext
22:39:17.513 [main] INFO  o.s.b.w.s.c.ServletWebServerApplicationContext - Root WebApplicationContext: initialization completed in 933 ms
22:39:18.742 [main] INFO  o.a.coyote.http11.Http11NioProtocol - Starting ProtocolHandler ["http-nio-9119"]
22:39:18.756 [main] INFO  o.s.b.w.e.tomcat.TomcatWebServer - Tomcat started on port(s): 9119 (http) with context path ''
22:39:18.765 [main] INFO  c.o.p.PermissionDemoApplication - Started PermissionDemoApplication in 2.585 seconds (JVM running for 3.329)
22:42:47.356 [http-nio-9119-exec-1] INFO  o.a.c.c.C.[Tomcat].[localhost].[/] - Initializing Spring DispatcherServlet 'dispatcherServlet'
22:42:47.356 [http-nio-9119-exec-1] INFO  o.s.web.servlet.DispatcherServlet - Initializing Servlet 'dispatcherServlet'
22:42:47.357 [http-nio-9119-exec-1] INFO  o.s.web.servlet.DispatcherServlet - Completed initialization in 1 ms
22:42:56.478 [http-nio-9119-exec-2] ERROR c.o.p.c.a.GlobalExceptionHandler - 异常信息: Validation failed for argument [0] in public com.oldman.permission.common.NormalResponse com.oldman.permission.controller.SysUserController.login(com.oldman.permission.dto.LoginDTO): [Field error in object 'loginDTO' on field 'code': rejected value [null]; codes [NotBlank.loginDTO.code,NotBlank.code,NotBlank.java.lang.String,NotBlank]; arguments [org.springframework.context.support.DefaultMessageSourceResolvable: codes [loginDTO.code,code]; arguments []; default message [code]]; default message [验证码不能为空]] 
22:44:04.441 [background-preinit] INFO  o.h.validator.internal.util.Version - HV000001: Hibernate Validator 6.2.0.Final
22:44:04.447 [main] INFO  c.o.p.PermissionDemoApplication - Starting PermissionDemoApplication using Java 1.8.0_191 on DESKTOP-7P2EMS6 with PID 21668 (E:\idea_workspace\permission-demo\target\classes started by oldman in E:\idea_workspace\permission-demo)
22:44:04.448 [main] INFO  c.o.p.PermissionDemoApplication - No active profile set, falling back to default profiles: default
22:44:04.977 [main] INFO  o.s.d.r.c.RepositoryConfigurationDelegate - Multiple Spring Data modules found, entering strict repository configuration mode!
22:44:04.978 [main] INFO  o.s.d.r.c.RepositoryConfigurationDelegate - Bootstrapping Spring Data Redis repositories in DEFAULT mode.
22:44:04.996 [main] INFO  o.s.d.r.c.RepositoryConfigurationDelegate - Finished Spring Data repository scanning in 9 ms. Found 0 Redis repository interfaces.
22:44:05.330 [main] INFO  o.s.b.w.e.tomcat.TomcatWebServer - Tomcat initialized with port(s): 9119 (http)
22:44:05.338 [main] INFO  o.a.coyote.http11.Http11NioProtocol - Initializing ProtocolHandler ["http-nio-9119"]
22:44:05.338 [main] INFO  o.a.catalina.core.StandardService - Starting service [Tomcat]
22:44:05.338 [main] INFO  o.a.catalina.core.StandardEngine - Starting Servlet engine: [Apache Tomcat/9.0.50]
22:44:05.391 [main] INFO  o.a.c.c.C.[Tomcat].[localhost].[/] - Initializing Spring embedded WebApplicationContext
22:44:05.391 [main] INFO  o.s.b.w.s.c.ServletWebServerApplicationContext - Root WebApplicationContext: initialization completed in 909 ms
22:44:06.687 [main] INFO  o.a.coyote.http11.Http11NioProtocol - Starting ProtocolHandler ["http-nio-9119"]
22:44:06.699 [main] INFO  o.s.b.w.e.tomcat.TomcatWebServer - Tomcat started on port(s): 9119 (http) with context path ''
22:44:06.706 [main] INFO  c.o.p.PermissionDemoApplication - Started PermissionDemoApplication in 2.608 seconds (JVM running for 3.376)
22:44:08.794 [http-nio-9119-exec-1] INFO  o.a.c.c.C.[Tomcat].[localhost].[/] - Initializing Spring DispatcherServlet 'dispatcherServlet'
22:44:08.794 [http-nio-9119-exec-1] INFO  o.s.web.servlet.DispatcherServlet - Initializing Servlet 'dispatcherServlet'
22:44:08.795 [http-nio-9119-exec-1] INFO  o.s.web.servlet.DispatcherServlet - Completed initialization in 1 ms
22:44:08.879 [http-nio-9119-exec-1] INFO  com.zaxxer.hikari.HikariDataSource - HikariPool-1 - Starting...
22:44:09.348 [http-nio-9119-exec-1] INFO  com.zaxxer.hikari.HikariDataSource - HikariPool-1 - Start completed.
22:44:09.463 [http-nio-9119-exec-1] ERROR c.o.p.c.a.GlobalExceptionHandler - 异常类型: org.springframework.jdbc.BadSqlGrammarException，异常详情：
### Error querying database.  Cause: java.sql.SQLSyntaxErrorException: Unknown column 'is_is_hideFooter' in 'field list'
### The error may exist in com/oldman/permission/mapper/SysMenuMapper.java (best guess)
### The error may involve defaultParameterMap
### The error occurred while setting parameters
### SQL: SELECT  id,title,icon,path,parent_id,is_hide AS hide,is_is_hideFooter AS hideFooter,is_hideSidebar AS hideSidebar,is_closable AS closable,is_tabUnique AS tabUnique,gmt_create,gmt_modified  FROM sys_menu     WHERE (parent_id = ? AND is_hide = ?)
### Cause: java.sql.SQLSyntaxErrorException: Unknown column 'is_is_hideFooter' in 'field list'
; bad SQL grammar []; nested exception is java.sql.SQLSyntaxErrorException: Unknown column 'is_is_hideFooter' in 'field list'，异常文件：SQLErrorCodeSQLExceptionTranslator.java，异常方法：doTranslate，行号：239
22:44:43.572 [SpringApplicationShutdownHook] INFO  com.zaxxer.hikari.HikariDataSource - HikariPool-1 - Shutdown initiated...
22:44:43.581 [SpringApplicationShutdownHook] INFO  com.zaxxer.hikari.HikariDataSource - HikariPool-1 - Shutdown completed.
22:44:47.489 [background-preinit] INFO  o.h.validator.internal.util.Version - HV000001: Hibernate Validator 6.2.0.Final
22:44:47.495 [main] INFO  c.o.p.PermissionDemoApplication - Starting PermissionDemoApplication using Java 1.8.0_191 on DESKTOP-7P2EMS6 with PID 23384 (E:\idea_workspace\permission-demo\target\classes started by oldman in E:\idea_workspace\permission-demo)
22:44:47.495 [main] INFO  c.o.p.PermissionDemoApplication - No active profile set, falling back to default profiles: default
22:44:48.004 [main] INFO  o.s.d.r.c.RepositoryConfigurationDelegate - Multiple Spring Data modules found, entering strict repository configuration mode!
22:44:48.005 [main] INFO  o.s.d.r.c.RepositoryConfigurationDelegate - Bootstrapping Spring Data Redis repositories in DEFAULT mode.
22:44:48.025 [main] INFO  o.s.d.r.c.RepositoryConfigurationDelegate - Finished Spring Data repository scanning in 9 ms. Found 0 Redis repository interfaces.
22:44:48.374 [main] INFO  o.s.b.w.e.tomcat.TomcatWebServer - Tomcat initialized with port(s): 9119 (http)
22:44:48.379 [main] INFO  o.a.coyote.http11.Http11NioProtocol - Initializing ProtocolHandler ["http-nio-9119"]
22:44:48.380 [main] INFO  o.a.catalina.core.StandardService - Starting service [Tomcat]
22:44:48.380 [main] INFO  o.a.catalina.core.StandardEngine - Starting Servlet engine: [Apache Tomcat/9.0.50]
22:44:48.427 [main] INFO  o.a.c.c.C.[Tomcat].[localhost].[/] - Initializing Spring embedded WebApplicationContext
22:44:48.427 [main] INFO  o.s.b.w.s.c.ServletWebServerApplicationContext - Root WebApplicationContext: initialization completed in 895 ms
22:44:49.688 [main] INFO  o.a.coyote.http11.Http11NioProtocol - Starting ProtocolHandler ["http-nio-9119"]
22:44:49.702 [main] INFO  o.s.b.w.e.tomcat.TomcatWebServer - Tomcat started on port(s): 9119 (http) with context path ''
22:44:49.709 [main] INFO  c.o.p.PermissionDemoApplication - Started PermissionDemoApplication in 2.574 seconds (JVM running for 3.304)
22:44:50.881 [http-nio-9119-exec-1] INFO  o.a.c.c.C.[Tomcat].[localhost].[/] - Initializing Spring DispatcherServlet 'dispatcherServlet'
22:44:50.881 [http-nio-9119-exec-1] INFO  o.s.web.servlet.DispatcherServlet - Initializing Servlet 'dispatcherServlet'
22:44:50.882 [http-nio-9119-exec-1] INFO  o.s.web.servlet.DispatcherServlet - Completed initialization in 1 ms
22:44:50.964 [http-nio-9119-exec-1] INFO  com.zaxxer.hikari.HikariDataSource - HikariPool-1 - Starting...
22:44:51.429 [http-nio-9119-exec-1] INFO  com.zaxxer.hikari.HikariDataSource - HikariPool-1 - Start completed.
22:45:50.396 [SpringApplicationShutdownHook] INFO  com.zaxxer.hikari.HikariDataSource - HikariPool-1 - Shutdown initiated...
22:45:50.402 [SpringApplicationShutdownHook] INFO  com.zaxxer.hikari.HikariDataSource - HikariPool-1 - Shutdown completed.
