19:53:51.696 [background-preinit] INFO  o.h.validator.internal.util.Version - HV000001: Hibernate Validator 6.2.0.Final
19:53:51.769 [main] INFO  c.o.p.PermissionDemoApplication - Starting PermissionDemoApplication using Java 1.8.0_191 on DESKTOP-7P2EMS6 with PID 16936 (E:\idea_workspace\permission-demo\target\classes started by oldman in E:\idea_workspace\permission-demo)
19:53:51.769 [main] INFO  c.o.p.PermissionDemoApplication - No active profile set, falling back to default profiles: default
19:53:53.221 [main] INFO  o.s.d.r.c.RepositoryConfigurationDelegate - Multiple Spring Data modules found, entering strict repository configuration mode!
19:53:53.239 [main] INFO  o.s.d.r.c.RepositoryConfigurationDelegate - Bootstrapping Spring Data Redis repositories in DEFAULT mode.
19:53:53.297 [main] INFO  o.s.d.r.c.RepositoryConfigurationDelegate - Finished Spring Data repository scanning in 17 ms. Found 0 Redis repository interfaces.
19:53:53.941 [main] INFO  o.s.b.w.e.tomcat.TomcatWebServer - Tomcat initialized with port(s): 9119 (http)
19:53:53.949 [main] INFO  o.a.coyote.http11.Http11NioProtocol - Initializing ProtocolHandler ["http-nio-9119"]
19:53:53.949 [main] INFO  o.a.catalina.core.StandardService - Starting service [Tomcat]
19:53:53.949 [main] INFO  o.a.catalina.core.StandardEngine - Starting Servlet engine: [Apache Tomcat/9.0.50]
19:53:54.009 [main] INFO  o.a.c.c.C.[Tomcat].[localhost].[/] - Initializing Spring embedded WebApplicationContext
19:53:54.009 [main] INFO  o.s.b.w.s.c.ServletWebServerApplicationContext - Root WebApplicationContext: initialization completed in 2170 ms
19:53:55.902 [main] INFO  o.a.coyote.http11.Http11NioProtocol - Starting ProtocolHandler ["http-nio-9119"]
19:53:55.914 [main] INFO  o.s.b.w.e.tomcat.TomcatWebServer - Tomcat started on port(s): 9119 (http) with context path ''
19:53:55.926 [main] INFO  c.o.p.PermissionDemoApplication - Started PermissionDemoApplication in 4.899 seconds (JVM running for 6.379)
19:53:59.236 [http-nio-9119-exec-1] INFO  o.a.c.c.C.[Tomcat].[localhost].[/] - Initializing Spring DispatcherServlet 'dispatcherServlet'
19:53:59.236 [http-nio-9119-exec-1] INFO  o.s.web.servlet.DispatcherServlet - Initializing Servlet 'dispatcherServlet'
19:53:59.237 [http-nio-9119-exec-1] INFO  o.s.web.servlet.DispatcherServlet - Completed initialization in 1 ms
19:54:11.732 [http-nio-9119-exec-3] INFO  com.zaxxer.hikari.HikariDataSource - HikariPool-1 - Starting...
19:54:12.375 [http-nio-9119-exec-3] INFO  com.zaxxer.hikari.HikariDataSource - HikariPool-1 - Start completed.
19:54:12.998 [http-nio-9119-exec-3] ERROR c.o.p.c.a.GlobalExceptionHandler - 异常类型: org.springframework.data.redis.RedisConnectionFailureException，异常详情：Unable to connect to Redis; nested exception is io.lettuce.core.RedisConnectionException: Unable to connect to 127.0.0.1:6379，异常文件：LettuceConnectionFactory.java，异常方法：translateException，行号：1671
19:54:19.075 [SpringApplicationShutdownHook] INFO  com.zaxxer.hikari.HikariDataSource - HikariPool-1 - Shutdown initiated...
19:54:19.082 [SpringApplicationShutdownHook] INFO  com.zaxxer.hikari.HikariDataSource - HikariPool-1 - Shutdown completed.
19:54:21.959 [background-preinit] INFO  o.h.validator.internal.util.Version - HV000001: Hibernate Validator 6.2.0.Final
19:54:21.963 [main] INFO  c.o.p.PermissionDemoApplication - Starting PermissionDemoApplication using Java 1.8.0_191 on DESKTOP-7P2EMS6 with PID 5196 (E:\idea_workspace\permission-demo\target\classes started by oldman in E:\idea_workspace\permission-demo)
19:54:21.963 [main] INFO  c.o.p.PermissionDemoApplication - No active profile set, falling back to default profiles: default
19:54:22.424 [main] INFO  o.s.d.r.c.RepositoryConfigurationDelegate - Multiple Spring Data modules found, entering strict repository configuration mode!
19:54:22.426 [main] INFO  o.s.d.r.c.RepositoryConfigurationDelegate - Bootstrapping Spring Data Redis repositories in DEFAULT mode.
19:54:22.444 [main] INFO  o.s.d.r.c.RepositoryConfigurationDelegate - Finished Spring Data repository scanning in 10 ms. Found 0 Redis repository interfaces.
19:54:22.749 [main] INFO  o.s.b.w.e.tomcat.TomcatWebServer - Tomcat initialized with port(s): 9119 (http)
19:54:22.755 [main] INFO  o.a.coyote.http11.Http11NioProtocol - Initializing ProtocolHandler ["http-nio-9119"]
19:54:22.755 [main] INFO  o.a.catalina.core.StandardService - Starting service [Tomcat]
19:54:22.756 [main] INFO  o.a.catalina.core.StandardEngine - Starting Servlet engine: [Apache Tomcat/9.0.50]
19:54:22.807 [main] INFO  o.a.c.c.C.[Tomcat].[localhost].[/] - Initializing Spring embedded WebApplicationContext
19:54:22.807 [main] INFO  o.s.b.w.s.c.ServletWebServerApplicationContext - Root WebApplicationContext: initialization completed in 810 ms
19:54:24.098 [main] INFO  o.a.coyote.http11.Http11NioProtocol - Starting ProtocolHandler ["http-nio-9119"]
19:54:24.109 [main] INFO  o.s.b.w.e.tomcat.TomcatWebServer - Tomcat started on port(s): 9119 (http) with context path ''
19:54:24.116 [main] INFO  c.o.p.PermissionDemoApplication - Started PermissionDemoApplication in 2.476 seconds (JVM running for 3.287)
19:54:32.349 [http-nio-9119-exec-1] INFO  o.a.c.c.C.[Tomcat].[localhost].[/] - Initializing Spring DispatcherServlet 'dispatcherServlet'
19:54:32.349 [http-nio-9119-exec-1] INFO  o.s.web.servlet.DispatcherServlet - Initializing Servlet 'dispatcherServlet'
19:54:32.350 [http-nio-9119-exec-1] INFO  o.s.web.servlet.DispatcherServlet - Completed initialization in 1 ms
19:54:51.459 [http-nio-9119-exec-2] INFO  com.zaxxer.hikari.HikariDataSource - HikariPool-1 - Starting...
19:54:53.055 [http-nio-9119-exec-2] ERROR com.zaxxer.hikari.pool.HikariPool - HikariPool-1 - Exception during pool initialization.
java.sql.SQLException: Access denied for user 'root'@'localhost' (using password: YES)
	at com.mysql.cj.jdbc.exceptions.SQLError.createSQLException(SQLError.java:129)
	at com.mysql.cj.jdbc.exceptions.SQLExceptionsMapping.translateException(SQLExceptionsMapping.java:122)
	at com.mysql.cj.jdbc.ConnectionImpl.createNewIO(ConnectionImpl.java:828)
	at com.mysql.cj.jdbc.ConnectionImpl.<init>(ConnectionImpl.java:448)
	at com.mysql.cj.jdbc.ConnectionImpl.getInstance(ConnectionImpl.java:241)
	at com.mysql.cj.jdbc.NonRegisteringDriver.connect(NonRegisteringDriver.java:198)
	at com.zaxxer.hikari.util.DriverDataSource.getConnection(DriverDataSource.java:138)
	at com.zaxxer.hikari.pool.PoolBase.newConnection(PoolBase.java:364)
	at com.zaxxer.hikari.pool.PoolBase.newPoolEntry(PoolBase.java:206)
	at com.zaxxer.hikari.pool.HikariPool.createPoolEntry(HikariPool.java:476)
	at com.zaxxer.hikari.pool.HikariPool.checkFailFast(HikariPool.java:561)
	at com.zaxxer.hikari.pool.HikariPool.<init>(HikariPool.java:115)
	at com.zaxxer.hikari.HikariDataSource.getConnection(HikariDataSource.java:112)
	at org.springframework.jdbc.datasource.DataSourceTransactionManager.doBegin(DataSourceTransactionManager.java:265)
	at org.springframework.transaction.support.AbstractPlatformTransactionManager.startTransaction(AbstractPlatformTransactionManager.java:400)
	at org.springframework.transaction.support.AbstractPlatformTransactionManager.getTransaction(AbstractPlatformTransactionManager.java:373)
	at org.springframework.transaction.interceptor.TransactionAspectSupport.createTransactionIfNecessary(TransactionAspectSupport.java:595)
	at org.springframework.transaction.interceptor.TransactionAspectSupport.invokeWithinTransaction(TransactionAspectSupport.java:382)
	at org.springframework.transaction.interceptor.TransactionInterceptor.invoke(TransactionInterceptor.java:119)
	at org.springframework.aop.framework.ReflectiveMethodInvocation.proceed(ReflectiveMethodInvocation.java:186)
	at org.springframework.aop.framework.CglibAopProxy$CglibMethodInvocation.proceed(CglibAopProxy.java:750)
	at org.springframework.aop.framework.CglibAopProxy$DynamicAdvisedInterceptor.intercept(CglibAopProxy.java:692)
	at com.oldman.permission.service.impl.SysUserServiceImpl$$EnhancerBySpringCGLIB$$7be9606a.login(<generated>)
	at com.oldman.permission.controller.SysUserController.login(SysUserController.java:34)
	at sun.reflect.NativeMethodAccessorImpl.invoke0(Native Method)
	at sun.reflect.NativeMethodAccessorImpl.invoke(NativeMethodAccessorImpl.java:62)
	at sun.reflect.DelegatingMethodAccessorImpl.invoke(DelegatingMethodAccessorImpl.java:43)
	at java.lang.reflect.Method.invoke(Method.java:498)
	at org.springframework.web.method.support.InvocableHandlerMethod.doInvoke(InvocableHandlerMethod.java:197)
	at org.springframework.web.method.support.InvocableHandlerMethod.invokeForRequest(InvocableHandlerMethod.java:141)
	at org.springframework.web.servlet.mvc.method.annotation.ServletInvocableHandlerMethod.invokeAndHandle(ServletInvocableHandlerMethod.java:106)
	at org.springframework.web.servlet.mvc.method.annotation.RequestMappingHandlerAdapter.invokeHandlerMethod(RequestMappingHandlerAdapter.java:895)
	at org.springframework.web.servlet.mvc.method.annotation.RequestMappingHandlerAdapter.handleInternal(RequestMappingHandlerAdapter.java:808)
	at org.springframework.web.servlet.mvc.method.AbstractHandlerMethodAdapter.handle(AbstractHandlerMethodAdapter.java:87)
	at org.springframework.web.servlet.DispatcherServlet.doDispatch(DispatcherServlet.java:1064)
	at org.springframework.web.servlet.DispatcherServlet.doService(DispatcherServlet.java:963)
	at org.springframework.web.servlet.FrameworkServlet.processRequest(FrameworkServlet.java:1006)
	at org.springframework.web.servlet.FrameworkServlet.doPost(FrameworkServlet.java:909)
	at javax.servlet.http.HttpServlet.service(HttpServlet.java:681)
	at org.springframework.web.servlet.FrameworkServlet.service(FrameworkServlet.java:883)
	at javax.servlet.http.HttpServlet.service(HttpServlet.java:764)
	at org.apache.catalina.core.ApplicationFilterChain.internalDoFilter(ApplicationFilterChain.java:228)
	at org.apache.catalina.core.ApplicationFilterChain.doFilter(ApplicationFilterChain.java:163)
	at org.apache.tomcat.websocket.server.WsFilter.doFilter(WsFilter.java:53)
	at org.apache.catalina.core.ApplicationFilterChain.internalDoFilter(ApplicationFilterChain.java:190)
	at org.apache.catalina.core.ApplicationFilterChain.doFilter(ApplicationFilterChain.java:163)
	at org.springframework.web.filter.OncePerRequestFilter.doFilter(OncePerRequestFilter.java:113)
	at org.apache.catalina.core.ApplicationFilterChain.internalDoFilter(ApplicationFilterChain.java:190)
	at org.apache.catalina.core.ApplicationFilterChain.doFilter(ApplicationFilterChain.java:163)
	at org.springframework.web.filter.OncePerRequestFilter.doFilter(OncePerRequestFilter.java:113)
	at org.apache.catalina.core.ApplicationFilterChain.internalDoFilter(ApplicationFilterChain.java:190)
	at org.apache.catalina.core.ApplicationFilterChain.doFilter(ApplicationFilterChain.java:163)
	at org.springframework.web.filter.OncePerRequestFilter.doFilter(OncePerRequestFilter.java:113)
	at org.apache.catalina.core.ApplicationFilterChain.internalDoFilter(ApplicationFilterChain.java:190)
	at org.apache.catalina.core.ApplicationFilterChain.doFilter(ApplicationFilterChain.java:163)
	at org.apache.catalina.core.ApplicationDispatcher.invoke(ApplicationDispatcher.java:711)
	at org.apache.catalina.core.ApplicationDispatcher.processRequest(ApplicationDispatcher.java:459)
	at org.apache.catalina.core.ApplicationDispatcher.doForward(ApplicationDispatcher.java:385)
	at org.apache.catalina.core.ApplicationDispatcher.forward(ApplicationDispatcher.java:313)
	at com.oldman.permission.common.filter.UrlFilter.doFilter(UrlFilter.java:25)
	at org.apache.catalina.core.ApplicationFilterChain.internalDoFilter(ApplicationFilterChain.java:190)
	at org.apache.catalina.core.ApplicationFilterChain.doFilter(ApplicationFilterChain.java:163)
	at org.springframework.web.filter.RequestContextFilter.doFilterInternal(RequestContextFilter.java:100)
	at org.springframework.web.filter.OncePerRequestFilter.doFilter(OncePerRequestFilter.java:119)
	at org.apache.catalina.core.ApplicationFilterChain.internalDoFilter(ApplicationFilterChain.java:190)
	at org.apache.catalina.core.ApplicationFilterChain.doFilter(ApplicationFilterChain.java:163)
	at org.springframework.web.filter.FormContentFilter.doFilterInternal(FormContentFilter.java:93)
	at org.springframework.web.filter.OncePerRequestFilter.doFilter(OncePerRequestFilter.java:119)
	at org.apache.catalina.core.ApplicationFilterChain.internalDoFilter(ApplicationFilterChain.java:190)
	at org.apache.catalina.core.ApplicationFilterChain.doFilter(ApplicationFilterChain.java:163)
	at org.springframework.web.filter.CharacterEncodingFilter.doFilterInternal(CharacterEncodingFilter.java:201)
	at org.springframework.web.filter.OncePerRequestFilter.doFilter(OncePerRequestFilter.java:119)
	at org.apache.catalina.core.ApplicationFilterChain.internalDoFilter(ApplicationFilterChain.java:190)
	at org.apache.catalina.core.ApplicationFilterChain.doFilter(ApplicationFilterChain.java:163)
	at org.apache.catalina.core.StandardWrapperValve.invoke(StandardWrapperValve.java:202)
	at org.apache.catalina.core.StandardContextValve.invoke(StandardContextValve.java:97)
	at org.apache.catalina.authenticator.AuthenticatorBase.invoke(AuthenticatorBase.java:542)
	at org.apache.catalina.core.StandardHostValve.invoke(StandardHostValve.java:143)
	at org.apache.catalina.valves.ErrorReportValve.invoke(ErrorReportValve.java:92)
	at org.apache.catalina.core.StandardEngineValve.invoke(StandardEngineValve.java:78)
	at org.apache.catalina.connector.CoyoteAdapter.service(CoyoteAdapter.java:357)
	at org.apache.coyote.http11.Http11Processor.service(Http11Processor.java:382)
	at org.apache.coyote.AbstractProcessorLight.process(AbstractProcessorLight.java:65)
	at org.apache.coyote.AbstractProtocol$ConnectionHandler.process(AbstractProtocol.java:893)
	at org.apache.tomcat.util.net.NioEndpoint$SocketProcessor.doRun(NioEndpoint.java:1723)
	at org.apache.tomcat.util.net.SocketProcessorBase.run(SocketProcessorBase.java:49)
	at java.util.concurrent.ThreadPoolExecutor.runWorker(ThreadPoolExecutor.java:1149)
	at java.util.concurrent.ThreadPoolExecutor$Worker.run(ThreadPoolExecutor.java:624)
	at org.apache.tomcat.util.threads.TaskThread$WrappingRunnable.run(TaskThread.java:61)
	at java.lang.Thread.run(Thread.java:748)
19:54:53.058 [http-nio-9119-exec-2] ERROR c.o.p.c.a.GlobalExceptionHandler - 异常类型: org.springframework.transaction.CannotCreateTransactionException，异常详情：Could not open JDBC Connection for transaction; nested exception is java.sql.SQLException: Access denied for user 'root'@'localhost' (using password: YES)，异常文件：DataSourceTransactionManager.java，异常方法：doBegin，行号：309
19:55:41.671 [http-nio-9119-exec-4] INFO  com.zaxxer.hikari.HikariDataSource - HikariPool-1 - Starting...
19:55:42.694 [http-nio-9119-exec-4] ERROR com.zaxxer.hikari.pool.HikariPool - HikariPool-1 - Exception during pool initialization.
java.sql.SQLException: Access denied for user 'root'@'localhost' (using password: YES)
	at com.mysql.cj.jdbc.exceptions.SQLError.createSQLException(SQLError.java:129)
	at com.mysql.cj.jdbc.exceptions.SQLExceptionsMapping.translateException(SQLExceptionsMapping.java:122)
	at com.mysql.cj.jdbc.ConnectionImpl.createNewIO(ConnectionImpl.java:828)
	at com.mysql.cj.jdbc.ConnectionImpl.<init>(ConnectionImpl.java:448)
	at com.mysql.cj.jdbc.ConnectionImpl.getInstance(ConnectionImpl.java:241)
	at com.mysql.cj.jdbc.NonRegisteringDriver.connect(NonRegisteringDriver.java:198)
	at com.zaxxer.hikari.util.DriverDataSource.getConnection(DriverDataSource.java:138)
	at com.zaxxer.hikari.pool.PoolBase.newConnection(PoolBase.java:364)
	at com.zaxxer.hikari.pool.PoolBase.newPoolEntry(PoolBase.java:206)
	at com.zaxxer.hikari.pool.HikariPool.createPoolEntry(HikariPool.java:476)
	at com.zaxxer.hikari.pool.HikariPool.checkFailFast(HikariPool.java:561)
	at com.zaxxer.hikari.pool.HikariPool.<init>(HikariPool.java:115)
	at com.zaxxer.hikari.HikariDataSource.getConnection(HikariDataSource.java:112)
	at org.springframework.jdbc.datasource.DataSourceTransactionManager.doBegin(DataSourceTransactionManager.java:265)
	at org.springframework.transaction.support.AbstractPlatformTransactionManager.startTransaction(AbstractPlatformTransactionManager.java:400)
	at org.springframework.transaction.support.AbstractPlatformTransactionManager.getTransaction(AbstractPlatformTransactionManager.java:373)
	at org.springframework.transaction.interceptor.TransactionAspectSupport.createTransactionIfNecessary(TransactionAspectSupport.java:595)
	at org.springframework.transaction.interceptor.TransactionAspectSupport.invokeWithinTransaction(TransactionAspectSupport.java:382)
	at org.springframework.transaction.interceptor.TransactionInterceptor.invoke(TransactionInterceptor.java:119)
	at org.springframework.aop.framework.ReflectiveMethodInvocation.proceed(ReflectiveMethodInvocation.java:186)
	at org.springframework.aop.framework.CglibAopProxy$CglibMethodInvocation.proceed(CglibAopProxy.java:750)
	at org.springframework.aop.framework.CglibAopProxy$DynamicAdvisedInterceptor.intercept(CglibAopProxy.java:692)
	at com.oldman.permission.service.impl.SysUserServiceImpl$$EnhancerBySpringCGLIB$$7be9606a.login(<generated>)
	at com.oldman.permission.controller.SysUserController.login(SysUserController.java:34)
	at sun.reflect.NativeMethodAccessorImpl.invoke0(Native Method)
	at sun.reflect.NativeMethodAccessorImpl.invoke(NativeMethodAccessorImpl.java:62)
	at sun.reflect.DelegatingMethodAccessorImpl.invoke(DelegatingMethodAccessorImpl.java:43)
	at java.lang.reflect.Method.invoke(Method.java:498)
	at org.springframework.web.method.support.InvocableHandlerMethod.doInvoke(InvocableHandlerMethod.java:197)
	at org.springframework.web.method.support.InvocableHandlerMethod.invokeForRequest(InvocableHandlerMethod.java:141)
	at org.springframework.web.servlet.mvc.method.annotation.ServletInvocableHandlerMethod.invokeAndHandle(ServletInvocableHandlerMethod.java:106)
	at org.springframework.web.servlet.mvc.method.annotation.RequestMappingHandlerAdapter.invokeHandlerMethod(RequestMappingHandlerAdapter.java:895)
	at org.springframework.web.servlet.mvc.method.annotation.RequestMappingHandlerAdapter.handleInternal(RequestMappingHandlerAdapter.java:808)
	at org.springframework.web.servlet.mvc.method.AbstractHandlerMethodAdapter.handle(AbstractHandlerMethodAdapter.java:87)
	at org.springframework.web.servlet.DispatcherServlet.doDispatch(DispatcherServlet.java:1064)
	at org.springframework.web.servlet.DispatcherServlet.doService(DispatcherServlet.java:963)
	at org.springframework.web.servlet.FrameworkServlet.processRequest(FrameworkServlet.java:1006)
	at org.springframework.web.servlet.FrameworkServlet.doPost(FrameworkServlet.java:909)
	at javax.servlet.http.HttpServlet.service(HttpServlet.java:681)
	at org.springframework.web.servlet.FrameworkServlet.service(FrameworkServlet.java:883)
	at javax.servlet.http.HttpServlet.service(HttpServlet.java:764)
	at org.apache.catalina.core.ApplicationFilterChain.internalDoFilter(ApplicationFilterChain.java:228)
	at org.apache.catalina.core.ApplicationFilterChain.doFilter(ApplicationFilterChain.java:163)
	at org.apache.tomcat.websocket.server.WsFilter.doFilter(WsFilter.java:53)
	at org.apache.catalina.core.ApplicationFilterChain.internalDoFilter(ApplicationFilterChain.java:190)
	at org.apache.catalina.core.ApplicationFilterChain.doFilter(ApplicationFilterChain.java:163)
	at org.springframework.web.filter.OncePerRequestFilter.doFilter(OncePerRequestFilter.java:113)
	at org.apache.catalina.core.ApplicationFilterChain.internalDoFilter(ApplicationFilterChain.java:190)
	at org.apache.catalina.core.ApplicationFilterChain.doFilter(ApplicationFilterChain.java:163)
	at org.springframework.web.filter.OncePerRequestFilter.doFilter(OncePerRequestFilter.java:113)
	at org.apache.catalina.core.ApplicationFilterChain.internalDoFilter(ApplicationFilterChain.java:190)
	at org.apache.catalina.core.ApplicationFilterChain.doFilter(ApplicationFilterChain.java:163)
	at org.springframework.web.filter.OncePerRequestFilter.doFilter(OncePerRequestFilter.java:113)
	at org.apache.catalina.core.ApplicationFilterChain.internalDoFilter(ApplicationFilterChain.java:190)
	at org.apache.catalina.core.ApplicationFilterChain.doFilter(ApplicationFilterChain.java:163)
	at org.apache.catalina.core.ApplicationDispatcher.invoke(ApplicationDispatcher.java:711)
	at org.apache.catalina.core.ApplicationDispatcher.processRequest(ApplicationDispatcher.java:459)
	at org.apache.catalina.core.ApplicationDispatcher.doForward(ApplicationDispatcher.java:385)
	at org.apache.catalina.core.ApplicationDispatcher.forward(ApplicationDispatcher.java:313)
	at com.oldman.permission.common.filter.UrlFilter.doFilter(UrlFilter.java:25)
	at org.apache.catalina.core.ApplicationFilterChain.internalDoFilter(ApplicationFilterChain.java:190)
	at org.apache.catalina.core.ApplicationFilterChain.doFilter(ApplicationFilterChain.java:163)
	at org.springframework.web.filter.RequestContextFilter.doFilterInternal(RequestContextFilter.java:100)
	at org.springframework.web.filter.OncePerRequestFilter.doFilter(OncePerRequestFilter.java:119)
	at org.apache.catalina.core.ApplicationFilterChain.internalDoFilter(ApplicationFilterChain.java:190)
	at org.apache.catalina.core.ApplicationFilterChain.doFilter(ApplicationFilterChain.java:163)
	at org.springframework.web.filter.FormContentFilter.doFilterInternal(FormContentFilter.java:93)
	at org.springframework.web.filter.OncePerRequestFilter.doFilter(OncePerRequestFilter.java:119)
	at org.apache.catalina.core.ApplicationFilterChain.internalDoFilter(ApplicationFilterChain.java:190)
	at org.apache.catalina.core.ApplicationFilterChain.doFilter(ApplicationFilterChain.java:163)
	at org.springframework.web.filter.CharacterEncodingFilter.doFilterInternal(CharacterEncodingFilter.java:201)
	at org.springframework.web.filter.OncePerRequestFilter.doFilter(OncePerRequestFilter.java:119)
	at org.apache.catalina.core.ApplicationFilterChain.internalDoFilter(ApplicationFilterChain.java:190)
	at org.apache.catalina.core.ApplicationFilterChain.doFilter(ApplicationFilterChain.java:163)
	at org.apache.catalina.core.StandardWrapperValve.invoke(StandardWrapperValve.java:202)
	at org.apache.catalina.core.StandardContextValve.invoke(StandardContextValve.java:97)
	at org.apache.catalina.authenticator.AuthenticatorBase.invoke(AuthenticatorBase.java:542)
	at org.apache.catalina.core.StandardHostValve.invoke(StandardHostValve.java:143)
	at org.apache.catalina.valves.ErrorReportValve.invoke(ErrorReportValve.java:92)
	at org.apache.catalina.core.StandardEngineValve.invoke(StandardEngineValve.java:78)
	at org.apache.catalina.connector.CoyoteAdapter.service(CoyoteAdapter.java:357)
	at org.apache.coyote.http11.Http11Processor.service(Http11Processor.java:382)
	at org.apache.coyote.AbstractProcessorLight.process(AbstractProcessorLight.java:65)
	at org.apache.coyote.AbstractProtocol$ConnectionHandler.process(AbstractProtocol.java:893)
	at org.apache.tomcat.util.net.NioEndpoint$SocketProcessor.doRun(NioEndpoint.java:1723)
	at org.apache.tomcat.util.net.SocketProcessorBase.run(SocketProcessorBase.java:49)
	at java.util.concurrent.ThreadPoolExecutor.runWorker(ThreadPoolExecutor.java:1149)
	at java.util.concurrent.ThreadPoolExecutor$Worker.run(ThreadPoolExecutor.java:624)
	at org.apache.tomcat.util.threads.TaskThread$WrappingRunnable.run(TaskThread.java:61)
	at java.lang.Thread.run(Thread.java:748)
19:55:42.694 [http-nio-9119-exec-4] ERROR c.o.p.c.a.GlobalExceptionHandler - 异常类型: org.springframework.transaction.CannotCreateTransactionException，异常详情：Could not open JDBC Connection for transaction; nested exception is java.sql.SQLException: Access denied for user 'root'@'localhost' (using password: YES)，异常文件：DataSourceTransactionManager.java，异常方法：doBegin，行号：309
19:55:58.204 [background-preinit] INFO  o.h.validator.internal.util.Version - HV000001: Hibernate Validator 6.2.0.Final
19:55:58.209 [main] INFO  c.o.p.PermissionDemoApplication - Starting PermissionDemoApplication using Java 1.8.0_191 on DESKTOP-7P2EMS6 with PID 16264 (E:\idea_workspace\permission-demo\target\classes started by oldman in E:\idea_workspace\permission-demo)
19:55:58.209 [main] INFO  c.o.p.PermissionDemoApplication - No active profile set, falling back to default profiles: default
19:55:58.669 [main] INFO  o.s.d.r.c.RepositoryConfigurationDelegate - Multiple Spring Data modules found, entering strict repository configuration mode!
19:55:58.670 [main] INFO  o.s.d.r.c.RepositoryConfigurationDelegate - Bootstrapping Spring Data Redis repositories in DEFAULT mode.
19:55:58.689 [main] INFO  o.s.d.r.c.RepositoryConfigurationDelegate - Finished Spring Data repository scanning in 10 ms. Found 0 Redis repository interfaces.
19:55:59.005 [main] INFO  o.s.b.w.e.tomcat.TomcatWebServer - Tomcat initialized with port(s): 9119 (http)
19:55:59.010 [main] INFO  o.a.coyote.http11.Http11NioProtocol - Initializing ProtocolHandler ["http-nio-9119"]
19:55:59.011 [main] INFO  o.a.catalina.core.StandardService - Starting service [Tomcat]
19:55:59.011 [main] INFO  o.a.catalina.core.StandardEngine - Starting Servlet engine: [Apache Tomcat/9.0.50]
19:55:59.063 [main] INFO  o.a.c.c.C.[Tomcat].[localhost].[/] - Initializing Spring embedded WebApplicationContext
19:55:59.063 [main] INFO  o.s.b.w.s.c.ServletWebServerApplicationContext - Root WebApplicationContext: initialization completed in 820 ms
19:56:00.339 [main] INFO  o.a.coyote.http11.Http11NioProtocol - Starting ProtocolHandler ["http-nio-9119"]
19:56:00.350 [main] INFO  o.s.b.w.e.tomcat.TomcatWebServer - Tomcat started on port(s): 9119 (http) with context path ''
19:56:00.357 [main] INFO  c.o.p.PermissionDemoApplication - Started PermissionDemoApplication in 2.466 seconds (JVM running for 3.235)
19:56:03.159 [http-nio-9119-exec-1] INFO  o.a.c.c.C.[Tomcat].[localhost].[/] - Initializing Spring DispatcherServlet 'dispatcherServlet'
19:56:03.159 [http-nio-9119-exec-1] INFO  o.s.web.servlet.DispatcherServlet - Initializing Servlet 'dispatcherServlet'
19:56:03.160 [http-nio-9119-exec-1] INFO  o.s.web.servlet.DispatcherServlet - Completed initialization in 1 ms
19:56:09.892 [http-nio-9119-exec-2] INFO  com.zaxxer.hikari.HikariDataSource - HikariPool-1 - Starting...
19:56:11.481 [http-nio-9119-exec-2] ERROR com.zaxxer.hikari.pool.HikariPool - HikariPool-1 - Exception during pool initialization.
java.sql.SQLException: Access denied for user 'root'@'localhost' (using password: YES)
	at com.mysql.cj.jdbc.exceptions.SQLError.createSQLException(SQLError.java:129)
	at com.mysql.cj.jdbc.exceptions.SQLExceptionsMapping.translateException(SQLExceptionsMapping.java:122)
	at com.mysql.cj.jdbc.ConnectionImpl.createNewIO(ConnectionImpl.java:828)
	at com.mysql.cj.jdbc.ConnectionImpl.<init>(ConnectionImpl.java:448)
	at com.mysql.cj.jdbc.ConnectionImpl.getInstance(ConnectionImpl.java:241)
	at com.mysql.cj.jdbc.NonRegisteringDriver.connect(NonRegisteringDriver.java:198)
	at com.zaxxer.hikari.util.DriverDataSource.getConnection(DriverDataSource.java:138)
	at com.zaxxer.hikari.pool.PoolBase.newConnection(PoolBase.java:364)
	at com.zaxxer.hikari.pool.PoolBase.newPoolEntry(PoolBase.java:206)
	at com.zaxxer.hikari.pool.HikariPool.createPoolEntry(HikariPool.java:476)
	at com.zaxxer.hikari.pool.HikariPool.checkFailFast(HikariPool.java:561)
	at com.zaxxer.hikari.pool.HikariPool.<init>(HikariPool.java:115)
	at com.zaxxer.hikari.HikariDataSource.getConnection(HikariDataSource.java:112)
	at org.springframework.jdbc.datasource.DataSourceTransactionManager.doBegin(DataSourceTransactionManager.java:265)
	at org.springframework.transaction.support.AbstractPlatformTransactionManager.startTransaction(AbstractPlatformTransactionManager.java:400)
	at org.springframework.transaction.support.AbstractPlatformTransactionManager.getTransaction(AbstractPlatformTransactionManager.java:373)
	at org.springframework.transaction.interceptor.TransactionAspectSupport.createTransactionIfNecessary(TransactionAspectSupport.java:595)
	at org.springframework.transaction.interceptor.TransactionAspectSupport.invokeWithinTransaction(TransactionAspectSupport.java:382)
	at org.springframework.transaction.interceptor.TransactionInterceptor.invoke(TransactionInterceptor.java:119)
	at org.springframework.aop.framework.ReflectiveMethodInvocation.proceed(ReflectiveMethodInvocation.java:186)
	at org.springframework.aop.framework.CglibAopProxy$CglibMethodInvocation.proceed(CglibAopProxy.java:750)
	at org.springframework.aop.framework.CglibAopProxy$DynamicAdvisedInterceptor.intercept(CglibAopProxy.java:692)
	at com.oldman.permission.service.impl.SysUserServiceImpl$$EnhancerBySpringCGLIB$$16131205.login(<generated>)
	at com.oldman.permission.controller.SysUserController.login(SysUserController.java:34)
	at sun.reflect.NativeMethodAccessorImpl.invoke0(Native Method)
	at sun.reflect.NativeMethodAccessorImpl.invoke(NativeMethodAccessorImpl.java:62)
	at sun.reflect.DelegatingMethodAccessorImpl.invoke(DelegatingMethodAccessorImpl.java:43)
	at java.lang.reflect.Method.invoke(Method.java:498)
	at org.springframework.web.method.support.InvocableHandlerMethod.doInvoke(InvocableHandlerMethod.java:197)
	at org.springframework.web.method.support.InvocableHandlerMethod.invokeForRequest(InvocableHandlerMethod.java:141)
	at org.springframework.web.servlet.mvc.method.annotation.ServletInvocableHandlerMethod.invokeAndHandle(ServletInvocableHandlerMethod.java:106)
	at org.springframework.web.servlet.mvc.method.annotation.RequestMappingHandlerAdapter.invokeHandlerMethod(RequestMappingHandlerAdapter.java:895)
	at org.springframework.web.servlet.mvc.method.annotation.RequestMappingHandlerAdapter.handleInternal(RequestMappingHandlerAdapter.java:808)
	at org.springframework.web.servlet.mvc.method.AbstractHandlerMethodAdapter.handle(AbstractHandlerMethodAdapter.java:87)
	at org.springframework.web.servlet.DispatcherServlet.doDispatch(DispatcherServlet.java:1064)
	at org.springframework.web.servlet.DispatcherServlet.doService(DispatcherServlet.java:963)
	at org.springframework.web.servlet.FrameworkServlet.processRequest(FrameworkServlet.java:1006)
	at org.springframework.web.servlet.FrameworkServlet.doPost(FrameworkServlet.java:909)
	at javax.servlet.http.HttpServlet.service(HttpServlet.java:681)
	at org.springframework.web.servlet.FrameworkServlet.service(FrameworkServlet.java:883)
	at javax.servlet.http.HttpServlet.service(HttpServlet.java:764)
	at org.apache.catalina.core.ApplicationFilterChain.internalDoFilter(ApplicationFilterChain.java:228)
	at org.apache.catalina.core.ApplicationFilterChain.doFilter(ApplicationFilterChain.java:163)
	at org.apache.tomcat.websocket.server.WsFilter.doFilter(WsFilter.java:53)
	at org.apache.catalina.core.ApplicationFilterChain.internalDoFilter(ApplicationFilterChain.java:190)
	at org.apache.catalina.core.ApplicationFilterChain.doFilter(ApplicationFilterChain.java:163)
	at org.springframework.web.filter.OncePerRequestFilter.doFilter(OncePerRequestFilter.java:113)
	at org.apache.catalina.core.ApplicationFilterChain.internalDoFilter(ApplicationFilterChain.java:190)
	at org.apache.catalina.core.ApplicationFilterChain.doFilter(ApplicationFilterChain.java:163)
	at org.springframework.web.filter.OncePerRequestFilter.doFilter(OncePerRequestFilter.java:113)
	at org.apache.catalina.core.ApplicationFilterChain.internalDoFilter(ApplicationFilterChain.java:190)
	at org.apache.catalina.core.ApplicationFilterChain.doFilter(ApplicationFilterChain.java:163)
	at org.springframework.web.filter.OncePerRequestFilter.doFilter(OncePerRequestFilter.java:113)
	at org.apache.catalina.core.ApplicationFilterChain.internalDoFilter(ApplicationFilterChain.java:190)
	at org.apache.catalina.core.ApplicationFilterChain.doFilter(ApplicationFilterChain.java:163)
	at org.apache.catalina.core.ApplicationDispatcher.invoke(ApplicationDispatcher.java:711)
	at org.apache.catalina.core.ApplicationDispatcher.processRequest(ApplicationDispatcher.java:459)
	at org.apache.catalina.core.ApplicationDispatcher.doForward(ApplicationDispatcher.java:385)
	at org.apache.catalina.core.ApplicationDispatcher.forward(ApplicationDispatcher.java:313)
	at com.oldman.permission.common.filter.UrlFilter.doFilter(UrlFilter.java:25)
	at org.apache.catalina.core.ApplicationFilterChain.internalDoFilter(ApplicationFilterChain.java:190)
	at org.apache.catalina.core.ApplicationFilterChain.doFilter(ApplicationFilterChain.java:163)
	at org.springframework.web.filter.RequestContextFilter.doFilterInternal(RequestContextFilter.java:100)
	at org.springframework.web.filter.OncePerRequestFilter.doFilter(OncePerRequestFilter.java:119)
	at org.apache.catalina.core.ApplicationFilterChain.internalDoFilter(ApplicationFilterChain.java:190)
	at org.apache.catalina.core.ApplicationFilterChain.doFilter(ApplicationFilterChain.java:163)
	at org.springframework.web.filter.FormContentFilter.doFilterInternal(FormContentFilter.java:93)
	at org.springframework.web.filter.OncePerRequestFilter.doFilter(OncePerRequestFilter.java:119)
	at org.apache.catalina.core.ApplicationFilterChain.internalDoFilter(ApplicationFilterChain.java:190)
	at org.apache.catalina.core.ApplicationFilterChain.doFilter(ApplicationFilterChain.java:163)
	at org.springframework.web.filter.CharacterEncodingFilter.doFilterInternal(CharacterEncodingFilter.java:201)
	at org.springframework.web.filter.OncePerRequestFilter.doFilter(OncePerRequestFilter.java:119)
	at org.apache.catalina.core.ApplicationFilterChain.internalDoFilter(ApplicationFilterChain.java:190)
	at org.apache.catalina.core.ApplicationFilterChain.doFilter(ApplicationFilterChain.java:163)
	at org.apache.catalina.core.StandardWrapperValve.invoke(StandardWrapperValve.java:202)
	at org.apache.catalina.core.StandardContextValve.invoke(StandardContextValve.java:97)
	at org.apache.catalina.authenticator.AuthenticatorBase.invoke(AuthenticatorBase.java:542)
	at org.apache.catalina.core.StandardHostValve.invoke(StandardHostValve.java:143)
	at org.apache.catalina.valves.ErrorReportValve.invoke(ErrorReportValve.java:92)
	at org.apache.catalina.core.StandardEngineValve.invoke(StandardEngineValve.java:78)
	at org.apache.catalina.connector.CoyoteAdapter.service(CoyoteAdapter.java:357)
	at org.apache.coyote.http11.Http11Processor.service(Http11Processor.java:382)
	at org.apache.coyote.AbstractProcessorLight.process(AbstractProcessorLight.java:65)
	at org.apache.coyote.AbstractProtocol$ConnectionHandler.process(AbstractProtocol.java:893)
	at org.apache.tomcat.util.net.NioEndpoint$SocketProcessor.doRun(NioEndpoint.java:1723)
	at org.apache.tomcat.util.net.SocketProcessorBase.run(SocketProcessorBase.java:49)
	at java.util.concurrent.ThreadPoolExecutor.runWorker(ThreadPoolExecutor.java:1149)
	at java.util.concurrent.ThreadPoolExecutor$Worker.run(ThreadPoolExecutor.java:624)
	at org.apache.tomcat.util.threads.TaskThread$WrappingRunnable.run(TaskThread.java:61)
	at java.lang.Thread.run(Thread.java:748)
19:56:11.482 [http-nio-9119-exec-2] ERROR c.o.p.c.a.GlobalExceptionHandler - 异常类型: org.springframework.transaction.CannotCreateTransactionException，异常详情：Could not open JDBC Connection for transaction; nested exception is java.sql.SQLException: Access denied for user 'root'@'localhost' (using password: YES)，异常文件：DataSourceTransactionManager.java，异常方法：doBegin，行号：309
19:56:23.191 [background-preinit] INFO  o.h.validator.internal.util.Version - HV000001: Hibernate Validator 6.2.0.Final
19:56:23.196 [main] INFO  c.o.p.PermissionDemoApplication - Starting PermissionDemoApplication using Java 1.8.0_191 on DESKTOP-7P2EMS6 with PID 11836 (E:\idea_workspace\permission-demo\target\classes started by oldman in E:\idea_workspace\permission-demo)
19:56:23.197 [main] INFO  c.o.p.PermissionDemoApplication - No active profile set, falling back to default profiles: default
19:56:23.647 [main] INFO  o.s.d.r.c.RepositoryConfigurationDelegate - Multiple Spring Data modules found, entering strict repository configuration mode!
19:56:23.648 [main] INFO  o.s.d.r.c.RepositoryConfigurationDelegate - Bootstrapping Spring Data Redis repositories in DEFAULT mode.
19:56:23.668 [main] INFO  o.s.d.r.c.RepositoryConfigurationDelegate - Finished Spring Data repository scanning in 10 ms. Found 0 Redis repository interfaces.
19:56:23.974 [main] INFO  o.s.b.w.e.tomcat.TomcatWebServer - Tomcat initialized with port(s): 9119 (http)
19:56:23.979 [main] INFO  o.a.coyote.http11.Http11NioProtocol - Initializing ProtocolHandler ["http-nio-9119"]
19:56:23.980 [main] INFO  o.a.catalina.core.StandardService - Starting service [Tomcat]
19:56:23.980 [main] INFO  o.a.catalina.core.StandardEngine - Starting Servlet engine: [Apache Tomcat/9.0.50]
19:56:24.030 [main] INFO  o.a.c.c.C.[Tomcat].[localhost].[/] - Initializing Spring embedded WebApplicationContext
19:56:24.031 [main] INFO  o.s.b.w.s.c.ServletWebServerApplicationContext - Root WebApplicationContext: initialization completed in 801 ms
19:56:25.314 [main] INFO  o.a.coyote.http11.Http11NioProtocol - Starting ProtocolHandler ["http-nio-9119"]
19:56:25.326 [main] INFO  o.s.b.w.e.tomcat.TomcatWebServer - Tomcat started on port(s): 9119 (http) with context path ''
19:56:25.333 [main] INFO  c.o.p.PermissionDemoApplication - Started PermissionDemoApplication in 2.462 seconds (JVM running for 3.248)
19:56:33.859 [http-nio-9119-exec-1] INFO  o.a.c.c.C.[Tomcat].[localhost].[/] - Initializing Spring DispatcherServlet 'dispatcherServlet'
19:56:33.859 [http-nio-9119-exec-1] INFO  o.s.web.servlet.DispatcherServlet - Initializing Servlet 'dispatcherServlet'
19:56:33.860 [http-nio-9119-exec-1] INFO  o.s.web.servlet.DispatcherServlet - Completed initialization in 1 ms
19:56:42.749 [http-nio-9119-exec-2] INFO  com.zaxxer.hikari.HikariDataSource - HikariPool-1 - Starting...
19:56:43.321 [http-nio-9119-exec-2] INFO  com.zaxxer.hikari.HikariDataSource - HikariPool-1 - Start completed.
19:56:43.590 [http-nio-9119-exec-3] ERROR c.o.p.c.a.GlobalExceptionHandler - 异常类型: org.springframework.data.redis.serializer.SerializationException，异常详情：Could not read JSON: Unrecognized field "freeze" (class com.oldman.permission.pojo.SysUser), not marked as ignorable (12 known properties: "state", "username", "gmtModified", "avatar", "gmtCreate", "id", "roles", "phone", "sexName", "sex", "password", "nickname"])
 at [Source: (byte[])"["com.oldman.permission.pojo.SysUser",{"id":1,"username":"admin","password":"$2a$10$oZdM/fXjgmXGGydTaMMfpemEDiGx3jN/NiLdZUviTvruwyf4Dxue6","freeze":false,"gmtCreate":1628930215166,"gmtModified":1628930215166}]"; line: 1, column: 154] (through reference chain: com.oldman.permission.pojo.SysUser["freeze"]); nested exception is com.fasterxml.jackson.databind.exc.UnrecognizedPropertyException: Unrecognized field "freeze" (class com.oldman.permission.pojo.SysUser), not marked as ignorable (12 known properties: "state", "username", "gmtModified", "avatar", "gmtCreate", "id", "roles", "phone", "sexName", "sex", "password", "nickname"])
 at [Source: (byte[])"["com.oldman.permission.pojo.SysUser",{"id":1,"username":"admin","password":"$2a$10$oZdM/fXjgmXGGydTaMMfpemEDiGx3jN/NiLdZUviTvruwyf4Dxue6","freeze":false,"gmtCreate":1628930215166,"gmtModified":1628930215166}]"; line: 1, column: 154] (through reference chain: com.oldman.permission.pojo.SysUser["freeze"])，异常文件：Jackson2JsonRedisSerializer.java，异常方法：deserialize，行号：75
19:57:49.230 [SpringApplicationShutdownHook] INFO  com.zaxxer.hikari.HikariDataSource - HikariPool-1 - Shutdown initiated...
19:57:49.236 [SpringApplicationShutdownHook] INFO  com.zaxxer.hikari.HikariDataSource - HikariPool-1 - Shutdown completed.
19:57:56.326 [background-preinit] INFO  o.h.validator.internal.util.Version - HV000001: Hibernate Validator 6.2.0.Final
19:57:56.331 [main] INFO  c.o.p.PermissionDemoApplication - Starting PermissionDemoApplication using Java 1.8.0_191 on DESKTOP-7P2EMS6 with PID 21816 (E:\idea_workspace\permission-demo\target\classes started by oldman in E:\idea_workspace\permission-demo)
19:57:56.332 [main] INFO  c.o.p.PermissionDemoApplication - No active profile set, falling back to default profiles: default
19:57:56.826 [main] INFO  o.s.d.r.c.RepositoryConfigurationDelegate - Multiple Spring Data modules found, entering strict repository configuration mode!
19:57:56.827 [main] INFO  o.s.d.r.c.RepositoryConfigurationDelegate - Bootstrapping Spring Data Redis repositories in DEFAULT mode.
19:57:56.848 [main] INFO  o.s.d.r.c.RepositoryConfigurationDelegate - Finished Spring Data repository scanning in 11 ms. Found 0 Redis repository interfaces.
19:57:57.155 [main] INFO  o.s.b.w.e.tomcat.TomcatWebServer - Tomcat initialized with port(s): 9119 (http)
19:57:57.160 [main] INFO  o.a.coyote.http11.Http11NioProtocol - Initializing ProtocolHandler ["http-nio-9119"]
19:57:57.161 [main] INFO  o.a.catalina.core.StandardService - Starting service [Tomcat]
19:57:57.161 [main] INFO  o.a.catalina.core.StandardEngine - Starting Servlet engine: [Apache Tomcat/9.0.50]
19:57:57.210 [main] INFO  o.a.c.c.C.[Tomcat].[localhost].[/] - Initializing Spring embedded WebApplicationContext
19:57:57.210 [main] INFO  o.s.b.w.s.c.ServletWebServerApplicationContext - Root WebApplicationContext: initialization completed in 843 ms
19:57:58.566 [main] INFO  o.a.coyote.http11.Http11NioProtocol - Starting ProtocolHandler ["http-nio-9119"]
19:57:58.580 [main] INFO  o.s.b.w.e.tomcat.TomcatWebServer - Tomcat started on port(s): 9119 (http) with context path ''
19:57:58.588 [main] INFO  c.o.p.PermissionDemoApplication - Started PermissionDemoApplication in 2.597 seconds (JVM running for 3.533)
19:58:30.711 [http-nio-9119-exec-1] INFO  o.a.c.c.C.[Tomcat].[localhost].[/] - Initializing Spring DispatcherServlet 'dispatcherServlet'
19:58:30.711 [http-nio-9119-exec-1] INFO  o.s.web.servlet.DispatcherServlet - Initializing Servlet 'dispatcherServlet'
19:58:30.712 [http-nio-9119-exec-1] INFO  o.s.web.servlet.DispatcherServlet - Completed initialization in 1 ms
19:58:31.501 [http-nio-9119-exec-1] ERROR c.o.p.c.a.GlobalExceptionHandler - 异常类型: org.springframework.data.redis.serializer.SerializationException，异常详情：Could not read JSON: Unrecognized field "freeze" (class com.oldman.permission.pojo.SysUser), not marked as ignorable (12 known properties: "state", "username", "gmtModified", "avatar", "gmtCreate", "id", "roles", "phone", "sexName", "sex", "password", "nickname"])
 at [Source: (byte[])"["com.oldman.permission.pojo.SysUser",{"id":1,"username":"admin","password":"$2a$10$oZdM/fXjgmXGGydTaMMfpemEDiGx3jN/NiLdZUviTvruwyf4Dxue6","freeze":false,"gmtCreate":1628930215166,"gmtModified":1628930215166}]"; line: 1, column: 154] (through reference chain: com.oldman.permission.pojo.SysUser["freeze"]); nested exception is com.fasterxml.jackson.databind.exc.UnrecognizedPropertyException: Unrecognized field "freeze" (class com.oldman.permission.pojo.SysUser), not marked as ignorable (12 known properties: "state", "username", "gmtModified", "avatar", "gmtCreate", "id", "roles", "phone", "sexName", "sex", "password", "nickname"])
 at [Source: (byte[])"["com.oldman.permission.pojo.SysUser",{"id":1,"username":"admin","password":"$2a$10$oZdM/fXjgmXGGydTaMMfpemEDiGx3jN/NiLdZUviTvruwyf4Dxue6","freeze":false,"gmtCreate":1628930215166,"gmtModified":1628930215166}]"; line: 1, column: 154] (through reference chain: com.oldman.permission.pojo.SysUser["freeze"])，异常文件：Jackson2JsonRedisSerializer.java，异常方法：deserialize，行号：75
19:59:56.519 [background-preinit] INFO  o.h.validator.internal.util.Version - HV000001: Hibernate Validator 6.2.0.Final
19:59:56.525 [main] INFO  c.o.p.PermissionDemoApplication - Starting PermissionDemoApplication using Java 1.8.0_191 on DESKTOP-7P2EMS6 with PID 10500 (E:\idea_workspace\permission-demo\target\classes started by oldman in E:\idea_workspace\permission-demo)
19:59:56.526 [main] INFO  c.o.p.PermissionDemoApplication - No active profile set, falling back to default profiles: default
19:59:57.014 [main] INFO  o.s.d.r.c.RepositoryConfigurationDelegate - Multiple Spring Data modules found, entering strict repository configuration mode!
19:59:57.015 [main] INFO  o.s.d.r.c.RepositoryConfigurationDelegate - Bootstrapping Spring Data Redis repositories in DEFAULT mode.
19:59:57.034 [main] INFO  o.s.d.r.c.RepositoryConfigurationDelegate - Finished Spring Data repository scanning in 10 ms. Found 0 Redis repository interfaces.
19:59:57.348 [main] INFO  o.s.b.w.e.tomcat.TomcatWebServer - Tomcat initialized with port(s): 9119 (http)
19:59:57.354 [main] INFO  o.a.coyote.http11.Http11NioProtocol - Initializing ProtocolHandler ["http-nio-9119"]
19:59:57.354 [main] INFO  o.a.catalina.core.StandardService - Starting service [Tomcat]
19:59:57.354 [main] INFO  o.a.catalina.core.StandardEngine - Starting Servlet engine: [Apache Tomcat/9.0.50]
19:59:57.409 [main] INFO  o.a.c.c.C.[Tomcat].[localhost].[/] - Initializing Spring embedded WebApplicationContext
19:59:57.409 [main] INFO  o.s.b.w.s.c.ServletWebServerApplicationContext - Root WebApplicationContext: initialization completed in 850 ms
19:59:58.751 [main] INFO  o.a.coyote.http11.Http11NioProtocol - Starting ProtocolHandler ["http-nio-9119"]
19:59:58.762 [main] INFO  o.s.b.w.e.tomcat.TomcatWebServer - Tomcat started on port(s): 9119 (http) with context path ''
19:59:58.769 [main] INFO  c.o.p.PermissionDemoApplication - Started PermissionDemoApplication in 2.582 seconds (JVM running for 3.387)
20:00:29.767 [http-nio-9119-exec-1] INFO  o.a.c.c.C.[Tomcat].[localhost].[/] - Initializing Spring DispatcherServlet 'dispatcherServlet'
20:00:29.767 [http-nio-9119-exec-1] INFO  o.s.web.servlet.DispatcherServlet - Initializing Servlet 'dispatcherServlet'
20:00:29.768 [http-nio-9119-exec-1] INFO  o.s.web.servlet.DispatcherServlet - Completed initialization in 1 ms
20:00:30.572 [http-nio-9119-exec-1] ERROR c.o.p.c.a.GlobalExceptionHandler - 异常类型: org.springframework.data.redis.serializer.SerializationException，异常详情：Could not read JSON: Unrecognized field "freeze" (class com.oldman.permission.pojo.SysUser), not marked as ignorable (12 known properties: "state", "username", "gmtModified", "avatar", "gmtCreate", "id", "roles", "phone", "sexName", "sex", "password", "nickname"])
 at [Source: (byte[])"["com.oldman.permission.pojo.SysUser",{"id":1,"username":"admin","password":"$2a$10$oZdM/fXjgmXGGydTaMMfpemEDiGx3jN/NiLdZUviTvruwyf4Dxue6","freeze":false,"gmtCreate":1628930215166,"gmtModified":1628930215166}]"; line: 1, column: 154] (through reference chain: com.oldman.permission.pojo.SysUser["freeze"]); nested exception is com.fasterxml.jackson.databind.exc.UnrecognizedPropertyException: Unrecognized field "freeze" (class com.oldman.permission.pojo.SysUser), not marked as ignorable (12 known properties: "state", "username", "gmtModified", "avatar", "gmtCreate", "id", "roles", "phone", "sexName", "sex", "password", "nickname"])
 at [Source: (byte[])"["com.oldman.permission.pojo.SysUser",{"id":1,"username":"admin","password":"$2a$10$oZdM/fXjgmXGGydTaMMfpemEDiGx3jN/NiLdZUviTvruwyf4Dxue6","freeze":false,"gmtCreate":1628930215166,"gmtModified":1628930215166}]"; line: 1, column: 154] (through reference chain: com.oldman.permission.pojo.SysUser["freeze"])，异常文件：Jackson2JsonRedisSerializer.java，异常方法：deserialize，行号：75
20:04:30.873 [background-preinit] INFO  o.h.validator.internal.util.Version - HV000001: Hibernate Validator 6.2.0.Final
20:04:30.878 [main] INFO  c.o.p.PermissionDemoApplication - Starting PermissionDemoApplication using Java 1.8.0_191 on DESKTOP-7P2EMS6 with PID 22064 (E:\idea_workspace\permission-demo\target\classes started by oldman in E:\idea_workspace\permission-demo)
20:04:30.878 [main] INFO  c.o.p.PermissionDemoApplication - No active profile set, falling back to default profiles: default
20:04:31.438 [main] INFO  o.s.d.r.c.RepositoryConfigurationDelegate - Multiple Spring Data modules found, entering strict repository configuration mode!
20:04:31.440 [main] INFO  o.s.d.r.c.RepositoryConfigurationDelegate - Bootstrapping Spring Data Redis repositories in DEFAULT mode.
20:04:31.463 [main] INFO  o.s.d.r.c.RepositoryConfigurationDelegate - Finished Spring Data repository scanning in 14 ms. Found 0 Redis repository interfaces.
20:04:31.868 [main] INFO  o.s.b.w.e.tomcat.TomcatWebServer - Tomcat initialized with port(s): 9119 (http)
20:04:31.877 [main] INFO  o.a.coyote.http11.Http11NioProtocol - Initializing ProtocolHandler ["http-nio-9119"]
20:04:31.877 [main] INFO  o.a.catalina.core.StandardService - Starting service [Tomcat]
20:04:31.877 [main] INFO  o.a.catalina.core.StandardEngine - Starting Servlet engine: [Apache Tomcat/9.0.50]
20:04:31.942 [main] INFO  o.a.c.c.C.[Tomcat].[localhost].[/] - Initializing Spring embedded WebApplicationContext
20:04:31.942 [main] INFO  o.s.b.w.s.c.ServletWebServerApplicationContext - Root WebApplicationContext: initialization completed in 1025 ms
20:04:33.601 [main] INFO  o.a.coyote.http11.Http11NioProtocol - Starting ProtocolHandler ["http-nio-9119"]
20:04:33.617 [main] INFO  o.s.b.w.e.tomcat.TomcatWebServer - Tomcat started on port(s): 9119 (http) with context path ''
20:04:33.624 [main] INFO  c.o.p.PermissionDemoApplication - Started PermissionDemoApplication in 3.14 seconds (JVM running for 4.648)
20:04:54.144 [http-nio-9119-exec-1] INFO  o.a.c.c.C.[Tomcat].[localhost].[/] - Initializing Spring DispatcherServlet 'dispatcherServlet'
20:04:54.144 [http-nio-9119-exec-1] INFO  o.s.web.servlet.DispatcherServlet - Initializing Servlet 'dispatcherServlet'
20:04:54.145 [http-nio-9119-exec-1] INFO  o.s.web.servlet.DispatcherServlet - Completed initialization in 0 ms
20:05:04.168 [http-nio-9119-exec-3] INFO  com.zaxxer.hikari.HikariDataSource - HikariPool-1 - Starting...
20:05:04.747 [http-nio-9119-exec-3] INFO  com.zaxxer.hikari.HikariDataSource - HikariPool-1 - Start completed.
21:46:27.179 [SpringApplicationShutdownHook] INFO  com.zaxxer.hikari.HikariDataSource - HikariPool-1 - Shutdown initiated...
21:46:27.187 [SpringApplicationShutdownHook] INFO  com.zaxxer.hikari.HikariDataSource - HikariPool-1 - Shutdown completed.
21:46:32.220 [background-preinit] INFO  o.h.validator.internal.util.Version - HV000001: Hibernate Validator 6.2.0.Final
21:46:32.225 [main] INFO  c.o.p.PermissionDemoApplication - Starting PermissionDemoApplication using Java 1.8.0_191 on DESKTOP-7P2EMS6 with PID 24108 (E:\idea_workspace\permission-demo\target\classes started by oldman in E:\idea_workspace\permission-demo)
21:46:32.226 [main] INFO  c.o.p.PermissionDemoApplication - No active profile set, falling back to default profiles: default
21:46:32.763 [main] INFO  o.s.d.r.c.RepositoryConfigurationDelegate - Multiple Spring Data modules found, entering strict repository configuration mode!
21:46:32.767 [main] INFO  o.s.d.r.c.RepositoryConfigurationDelegate - Bootstrapping Spring Data Redis repositories in DEFAULT mode.
21:46:32.790 [main] INFO  o.s.d.r.c.RepositoryConfigurationDelegate - Finished Spring Data repository scanning in 11 ms. Found 0 Redis repository interfaces.
21:46:33.148 [main] INFO  o.s.b.w.e.tomcat.TomcatWebServer - Tomcat initialized with port(s): 9119 (http)
21:46:33.154 [main] INFO  o.a.coyote.http11.Http11NioProtocol - Initializing ProtocolHandler ["http-nio-9119"]
21:46:33.154 [main] INFO  o.a.catalina.core.StandardService - Starting service [Tomcat]
21:46:33.154 [main] INFO  o.a.catalina.core.StandardEngine - Starting Servlet engine: [Apache Tomcat/9.0.50]
21:46:33.212 [main] INFO  o.a.c.c.C.[Tomcat].[localhost].[/] - Initializing Spring embedded WebApplicationContext
21:46:33.212 [main] INFO  o.s.b.w.s.c.ServletWebServerApplicationContext - Root WebApplicationContext: initialization completed in 944 ms
21:46:34.657 [main] INFO  o.a.coyote.http11.Http11NioProtocol - Starting ProtocolHandler ["http-nio-9119"]
21:46:34.669 [main] INFO  o.s.b.w.e.tomcat.TomcatWebServer - Tomcat started on port(s): 9119 (http) with context path ''
21:46:34.677 [main] INFO  c.o.p.PermissionDemoApplication - Started PermissionDemoApplication in 2.81 seconds (JVM running for 3.638)
21:47:01.785 [http-nio-9119-exec-1] INFO  o.a.c.c.C.[Tomcat].[localhost].[/] - Initializing Spring DispatcherServlet 'dispatcherServlet'
21:47:01.785 [http-nio-9119-exec-1] INFO  o.s.web.servlet.DispatcherServlet - Initializing Servlet 'dispatcherServlet'
21:47:01.786 [http-nio-9119-exec-1] INFO  o.s.web.servlet.DispatcherServlet - Completed initialization in 1 ms
21:47:02.996 [http-nio-9119-exec-2] INFO  com.zaxxer.hikari.HikariDataSource - HikariPool-1 - Starting...
21:47:03.131 [http-nio-9119-exec-2] INFO  com.zaxxer.hikari.HikariDataSource - HikariPool-1 - Start completed.
21:47:46.418 [SpringApplicationShutdownHook] INFO  com.zaxxer.hikari.HikariDataSource - HikariPool-1 - Shutdown initiated...
21:47:46.460 [SpringApplicationShutdownHook] INFO  com.zaxxer.hikari.HikariDataSource - HikariPool-1 - Shutdown completed.
21:47:50.915 [background-preinit] INFO  o.h.validator.internal.util.Version - HV000001: Hibernate Validator 6.2.0.Final
21:47:50.919 [main] INFO  c.o.p.PermissionDemoApplication - Starting PermissionDemoApplication using Java 1.8.0_191 on DESKTOP-7P2EMS6 with PID 17000 (E:\idea_workspace\permission-demo\target\classes started by oldman in E:\idea_workspace\permission-demo)
21:47:50.919 [main] INFO  c.o.p.PermissionDemoApplication - No active profile set, falling back to default profiles: default
21:47:51.430 [main] INFO  o.s.d.r.c.RepositoryConfigurationDelegate - Multiple Spring Data modules found, entering strict repository configuration mode!
21:47:51.432 [main] INFO  o.s.d.r.c.RepositoryConfigurationDelegate - Bootstrapping Spring Data Redis repositories in DEFAULT mode.
21:47:51.455 [main] INFO  o.s.d.r.c.RepositoryConfigurationDelegate - Finished Spring Data repository scanning in 13 ms. Found 0 Redis repository interfaces.
21:47:51.786 [main] INFO  o.s.b.w.e.tomcat.TomcatWebServer - Tomcat initialized with port(s): 9119 (http)
21:47:51.793 [main] INFO  o.a.coyote.http11.Http11NioProtocol - Initializing ProtocolHandler ["http-nio-9119"]
21:47:51.794 [main] INFO  o.a.catalina.core.StandardService - Starting service [Tomcat]
21:47:51.794 [main] INFO  o.a.catalina.core.StandardEngine - Starting Servlet engine: [Apache Tomcat/9.0.50]
21:47:51.846 [main] INFO  o.a.c.c.C.[Tomcat].[localhost].[/] - Initializing Spring embedded WebApplicationContext
21:47:51.846 [main] INFO  o.s.b.w.s.c.ServletWebServerApplicationContext - Root WebApplicationContext: initialization completed in 887 ms
21:47:53.238 [main] INFO  o.a.coyote.http11.Http11NioProtocol - Starting ProtocolHandler ["http-nio-9119"]
21:47:53.251 [main] INFO  o.s.b.w.e.tomcat.TomcatWebServer - Tomcat started on port(s): 9119 (http) with context path ''
21:47:53.258 [main] INFO  c.o.p.PermissionDemoApplication - Started PermissionDemoApplication in 2.732 seconds (JVM running for 3.583)
21:48:22.654 [http-nio-9119-exec-1] INFO  o.a.c.c.C.[Tomcat].[localhost].[/] - Initializing Spring DispatcherServlet 'dispatcherServlet'
21:48:22.654 [http-nio-9119-exec-1] INFO  o.s.web.servlet.DispatcherServlet - Initializing Servlet 'dispatcherServlet'
21:48:22.655 [http-nio-9119-exec-1] INFO  o.s.web.servlet.DispatcherServlet - Completed initialization in 1 ms
21:48:23.863 [http-nio-9119-exec-2] INFO  com.zaxxer.hikari.HikariDataSource - HikariPool-1 - Starting...
21:48:23.998 [http-nio-9119-exec-2] INFO  com.zaxxer.hikari.HikariDataSource - HikariPool-1 - Start completed.
21:48:41.338 [http-nio-9119-exec-6] ERROR c.o.p.c.a.GlobalExceptionHandler - 异常类型: java.lang.ArithmeticException，异常详情：/ by zero，异常文件：SysUserServiceImpl.java，异常方法：addUser，行号：131
21:49:24.031 [SpringApplicationShutdownHook] INFO  com.zaxxer.hikari.HikariDataSource - HikariPool-1 - Shutdown initiated...
21:49:24.040 [SpringApplicationShutdownHook] INFO  com.zaxxer.hikari.HikariDataSource - HikariPool-1 - Shutdown completed.
21:49:28.959 [background-preinit] INFO  o.h.validator.internal.util.Version - HV000001: Hibernate Validator 6.2.0.Final
21:49:28.964 [main] INFO  c.o.p.PermissionDemoApplication - Starting PermissionDemoApplication using Java 1.8.0_191 on DESKTOP-7P2EMS6 with PID 3548 (E:\idea_workspace\permission-demo\target\classes started by oldman in E:\idea_workspace\permission-demo)
21:49:28.964 [main] INFO  c.o.p.PermissionDemoApplication - No active profile set, falling back to default profiles: default
21:49:29.464 [main] INFO  o.s.d.r.c.RepositoryConfigurationDelegate - Multiple Spring Data modules found, entering strict repository configuration mode!
21:49:29.465 [main] INFO  o.s.d.r.c.RepositoryConfigurationDelegate - Bootstrapping Spring Data Redis repositories in DEFAULT mode.
21:49:29.484 [main] INFO  o.s.d.r.c.RepositoryConfigurationDelegate - Finished Spring Data repository scanning in 10 ms. Found 0 Redis repository interfaces.
21:49:29.824 [main] INFO  o.s.b.w.e.tomcat.TomcatWebServer - Tomcat initialized with port(s): 9119 (http)
21:49:29.832 [main] INFO  o.a.coyote.http11.Http11NioProtocol - Initializing ProtocolHandler ["http-nio-9119"]
21:49:29.832 [main] INFO  o.a.catalina.core.StandardService - Starting service [Tomcat]
21:49:29.832 [main] INFO  o.a.catalina.core.StandardEngine - Starting Servlet engine: [Apache Tomcat/9.0.50]
21:49:29.887 [main] INFO  o.a.c.c.C.[Tomcat].[localhost].[/] - Initializing Spring embedded WebApplicationContext
21:49:29.888 [main] INFO  o.s.b.w.s.c.ServletWebServerApplicationContext - Root WebApplicationContext: initialization completed in 887 ms
21:49:31.285 [main] INFO  o.a.coyote.http11.Http11NioProtocol - Starting ProtocolHandler ["http-nio-9119"]
21:49:31.297 [main] INFO  o.s.b.w.e.tomcat.TomcatWebServer - Tomcat started on port(s): 9119 (http) with context path ''
21:49:31.305 [main] INFO  c.o.p.PermissionDemoApplication - Started PermissionDemoApplication in 2.711 seconds (JVM running for 3.555)
21:49:34.026 [http-nio-9119-exec-1] INFO  o.a.c.c.C.[Tomcat].[localhost].[/] - Initializing Spring DispatcherServlet 'dispatcherServlet'
21:49:34.026 [http-nio-9119-exec-1] INFO  o.s.web.servlet.DispatcherServlet - Initializing Servlet 'dispatcherServlet'
21:49:34.027 [http-nio-9119-exec-1] INFO  o.s.web.servlet.DispatcherServlet - Completed initialization in 1 ms
21:49:35.377 [http-nio-9119-exec-2] INFO  com.zaxxer.hikari.HikariDataSource - HikariPool-1 - Starting...
21:49:35.619 [http-nio-9119-exec-2] INFO  com.zaxxer.hikari.HikariDataSource - HikariPool-1 - Start completed.
21:49:39.702 [http-nio-9119-exec-6] ERROR c.o.p.c.a.GlobalExceptionHandler - 异常类型: java.lang.ArithmeticException，异常详情：/ by zero，异常文件：SysUserServiceImpl.java，异常方法：addUser，行号：131
21:49:52.445 [SpringApplicationShutdownHook] INFO  com.zaxxer.hikari.HikariDataSource - HikariPool-1 - Shutdown initiated...
21:49:52.453 [SpringApplicationShutdownHook] INFO  com.zaxxer.hikari.HikariDataSource - HikariPool-1 - Shutdown completed.
21:49:57.029 [background-preinit] INFO  o.h.validator.internal.util.Version - HV000001: Hibernate Validator 6.2.0.Final
21:49:57.039 [main] INFO  c.o.p.PermissionDemoApplication - Starting PermissionDemoApplication using Java 1.8.0_191 on DESKTOP-7P2EMS6 with PID 16876 (E:\idea_workspace\permission-demo\target\classes started by oldman in E:\idea_workspace\permission-demo)
21:49:57.039 [main] INFO  c.o.p.PermissionDemoApplication - No active profile set, falling back to default profiles: default
21:49:57.623 [main] INFO  o.s.d.r.c.RepositoryConfigurationDelegate - Multiple Spring Data modules found, entering strict repository configuration mode!
21:49:57.624 [main] INFO  o.s.d.r.c.RepositoryConfigurationDelegate - Bootstrapping Spring Data Redis repositories in DEFAULT mode.
21:49:57.647 [main] INFO  o.s.d.r.c.RepositoryConfigurationDelegate - Finished Spring Data repository scanning in 12 ms. Found 0 Redis repository interfaces.
21:49:58.023 [main] INFO  o.s.b.w.e.tomcat.TomcatWebServer - Tomcat initialized with port(s): 9119 (http)
21:49:58.029 [main] INFO  o.a.coyote.http11.Http11NioProtocol - Initializing ProtocolHandler ["http-nio-9119"]
21:49:58.029 [main] INFO  o.a.catalina.core.StandardService - Starting service [Tomcat]
21:49:58.030 [main] INFO  o.a.catalina.core.StandardEngine - Starting Servlet engine: [Apache Tomcat/9.0.50]
21:49:58.088 [main] INFO  o.a.c.c.C.[Tomcat].[localhost].[/] - Initializing Spring embedded WebApplicationContext
21:49:58.089 [main] INFO  o.s.b.w.s.c.ServletWebServerApplicationContext - Root WebApplicationContext: initialization completed in 1008 ms
21:49:59.570 [main] INFO  o.a.coyote.http11.Http11NioProtocol - Starting ProtocolHandler ["http-nio-9119"]
21:49:59.584 [main] INFO  o.s.b.w.e.tomcat.TomcatWebServer - Tomcat started on port(s): 9119 (http) with context path ''
21:49:59.591 [main] INFO  c.o.p.PermissionDemoApplication - Started PermissionDemoApplication in 2.95 seconds (JVM running for 3.803)
21:50:07.676 [http-nio-9119-exec-1] INFO  o.a.c.c.C.[Tomcat].[localhost].[/] - Initializing Spring DispatcherServlet 'dispatcherServlet'
21:50:07.676 [http-nio-9119-exec-1] INFO  o.s.web.servlet.DispatcherServlet - Initializing Servlet 'dispatcherServlet'
21:50:07.677 [http-nio-9119-exec-1] INFO  o.s.web.servlet.DispatcherServlet - Completed initialization in 1 ms
21:50:08.905 [http-nio-9119-exec-2] INFO  com.zaxxer.hikari.HikariDataSource - HikariPool-1 - Starting...
21:50:09.037 [http-nio-9119-exec-2] INFO  com.zaxxer.hikari.HikariDataSource - HikariPool-1 - Start completed.
21:50:11.876 [SpringApplicationShutdownHook] INFO  com.zaxxer.hikari.HikariDataSource - HikariPool-1 - Shutdown initiated...
21:50:11.883 [SpringApplicationShutdownHook] INFO  com.zaxxer.hikari.HikariDataSource - HikariPool-1 - Shutdown completed.
21:50:16.229 [background-preinit] INFO  o.h.validator.internal.util.Version - HV000001: Hibernate Validator 6.2.0.Final
21:50:16.233 [main] INFO  c.o.p.PermissionDemoApplication - Starting PermissionDemoApplication using Java 1.8.0_191 on DESKTOP-7P2EMS6 with PID 8504 (E:\idea_workspace\permission-demo\target\classes started by oldman in E:\idea_workspace\permission-demo)
21:50:16.234 [main] INFO  c.o.p.PermissionDemoApplication - No active profile set, falling back to default profiles: default
21:50:16.754 [main] INFO  o.s.d.r.c.RepositoryConfigurationDelegate - Multiple Spring Data modules found, entering strict repository configuration mode!
21:50:16.755 [main] INFO  o.s.d.r.c.RepositoryConfigurationDelegate - Bootstrapping Spring Data Redis repositories in DEFAULT mode.
21:50:16.776 [main] INFO  o.s.d.r.c.RepositoryConfigurationDelegate - Finished Spring Data repository scanning in 11 ms. Found 0 Redis repository interfaces.
21:50:17.127 [main] INFO  o.s.b.w.e.tomcat.TomcatWebServer - Tomcat initialized with port(s): 9119 (http)
21:50:17.133 [main] INFO  o.a.coyote.http11.Http11NioProtocol - Initializing ProtocolHandler ["http-nio-9119"]
21:50:17.133 [main] INFO  o.a.catalina.core.StandardService - Starting service [Tomcat]
21:50:17.133 [main] INFO  o.a.catalina.core.StandardEngine - Starting Servlet engine: [Apache Tomcat/9.0.50]
21:50:17.191 [main] INFO  o.a.c.c.C.[Tomcat].[localhost].[/] - Initializing Spring embedded WebApplicationContext
21:50:17.191 [main] INFO  o.s.b.w.s.c.ServletWebServerApplicationContext - Root WebApplicationContext: initialization completed in 918 ms
21:50:18.516 [main] INFO  o.a.coyote.http11.Http11NioProtocol - Starting ProtocolHandler ["http-nio-9119"]
21:50:18.527 [main] INFO  o.s.b.w.e.tomcat.TomcatWebServer - Tomcat started on port(s): 9119 (http) with context path ''
21:50:18.534 [main] INFO  c.o.p.PermissionDemoApplication - Started PermissionDemoApplication in 2.663 seconds (JVM running for 3.448)
21:50:59.730 [http-nio-9119-exec-1] INFO  o.a.c.c.C.[Tomcat].[localhost].[/] - Initializing Spring DispatcherServlet 'dispatcherServlet'
21:50:59.731 [http-nio-9119-exec-1] INFO  o.s.web.servlet.DispatcherServlet - Initializing Servlet 'dispatcherServlet'
21:50:59.731 [http-nio-9119-exec-1] INFO  o.s.web.servlet.DispatcherServlet - Completed initialization in 0 ms
21:51:01.040 [http-nio-9119-exec-2] INFO  com.zaxxer.hikari.HikariDataSource - HikariPool-1 - Starting...
21:51:01.183 [http-nio-9119-exec-2] INFO  com.zaxxer.hikari.HikariDataSource - HikariPool-1 - Start completed.
21:59:23.681 [SpringApplicationShutdownHook] INFO  com.zaxxer.hikari.HikariDataSource - HikariPool-1 - Shutdown initiated...
21:59:23.697 [SpringApplicationShutdownHook] INFO  com.zaxxer.hikari.HikariDataSource - HikariPool-1 - Shutdown completed.
21:59:29.300 [background-preinit] INFO  o.h.validator.internal.util.Version - HV000001: Hibernate Validator 6.2.0.Final
21:59:29.304 [main] INFO  c.o.p.PermissionDemoApplication - Starting PermissionDemoApplication using Java 1.8.0_191 on DESKTOP-7P2EMS6 with PID 26248 (E:\idea_workspace\permission-demo\target\classes started by oldman in E:\idea_workspace\permission-demo)
21:59:29.305 [main] INFO  c.o.p.PermissionDemoApplication - No active profile set, falling back to default profiles: default
21:59:29.800 [main] INFO  o.s.d.r.c.RepositoryConfigurationDelegate - Multiple Spring Data modules found, entering strict repository configuration mode!
21:59:29.802 [main] INFO  o.s.d.r.c.RepositoryConfigurationDelegate - Bootstrapping Spring Data Redis repositories in DEFAULT mode.
21:59:29.825 [main] INFO  o.s.d.r.c.RepositoryConfigurationDelegate - Finished Spring Data repository scanning in 11 ms. Found 0 Redis repository interfaces.
21:59:30.165 [main] INFO  o.s.b.w.e.tomcat.TomcatWebServer - Tomcat initialized with port(s): 9119 (http)
21:59:30.174 [main] INFO  o.a.coyote.http11.Http11NioProtocol - Initializing ProtocolHandler ["http-nio-9119"]
21:59:30.174 [main] INFO  o.a.catalina.core.StandardService - Starting service [Tomcat]
21:59:30.174 [main] INFO  o.a.catalina.core.StandardEngine - Starting Servlet engine: [Apache Tomcat/9.0.50]
21:59:30.226 [main] INFO  o.a.c.c.C.[Tomcat].[localhost].[/] - Initializing Spring embedded WebApplicationContext
21:59:30.226 [main] INFO  o.s.b.w.s.c.ServletWebServerApplicationContext - Root WebApplicationContext: initialization completed in 887 ms
21:59:31.594 [main] INFO  o.a.coyote.http11.Http11NioProtocol - Starting ProtocolHandler ["http-nio-9119"]
21:59:31.605 [main] INFO  o.s.b.w.e.tomcat.TomcatWebServer - Tomcat started on port(s): 9119 (http) with context path ''
21:59:31.612 [main] INFO  c.o.p.PermissionDemoApplication - Started PermissionDemoApplication in 2.653 seconds (JVM running for 3.437)
22:00:25.349 [http-nio-9119-exec-1] INFO  o.a.c.c.C.[Tomcat].[localhost].[/] - Initializing Spring DispatcherServlet 'dispatcherServlet'
22:00:25.349 [http-nio-9119-exec-1] INFO  o.s.web.servlet.DispatcherServlet - Initializing Servlet 'dispatcherServlet'
22:00:25.350 [http-nio-9119-exec-1] INFO  o.s.web.servlet.DispatcherServlet - Completed initialization in 1 ms
22:00:26.608 [http-nio-9119-exec-2] INFO  com.zaxxer.hikari.HikariDataSource - HikariPool-1 - Starting...
22:00:26.747 [http-nio-9119-exec-2] INFO  com.zaxxer.hikari.HikariDataSource - HikariPool-1 - Start completed.
22:59:49.374 [SpringApplicationShutdownHook] INFO  com.zaxxer.hikari.HikariDataSource - HikariPool-1 - Shutdown initiated...
22:59:49.386 [SpringApplicationShutdownHook] INFO  com.zaxxer.hikari.HikariDataSource - HikariPool-1 - Shutdown completed.
22:59:55.259 [background-preinit] INFO  o.h.validator.internal.util.Version - HV000001: Hibernate Validator 6.2.0.Final
22:59:55.261 [main] INFO  c.o.p.PermissionDemoApplication - Starting PermissionDemoApplication using Java 1.8.0_191 on DESKTOP-7P2EMS6 with PID 27736 (E:\idea_workspace\permission-demo\target\classes started by oldman in E:\idea_workspace\permission-demo)
22:59:55.261 [main] INFO  c.o.p.PermissionDemoApplication - No active profile set, falling back to default profiles: default
22:59:55.794 [main] INFO  o.s.d.r.c.RepositoryConfigurationDelegate - Multiple Spring Data modules found, entering strict repository configuration mode!
22:59:55.798 [main] INFO  o.s.d.r.c.RepositoryConfigurationDelegate - Bootstrapping Spring Data Redis repositories in DEFAULT mode.
22:59:55.824 [main] INFO  o.s.d.r.c.RepositoryConfigurationDelegate - Finished Spring Data repository scanning in 14 ms. Found 0 Redis repository interfaces.
22:59:56.178 [main] INFO  o.s.b.w.e.tomcat.TomcatWebServer - Tomcat initialized with port(s): 9119 (http)
22:59:56.185 [main] INFO  o.a.coyote.http11.Http11NioProtocol - Initializing ProtocolHandler ["http-nio-9119"]
22:59:56.185 [main] INFO  o.a.catalina.core.StandardService - Starting service [Tomcat]
22:59:56.185 [main] INFO  o.a.catalina.core.StandardEngine - Starting Servlet engine: [Apache Tomcat/9.0.50]
22:59:56.243 [main] INFO  o.a.c.c.C.[Tomcat].[localhost].[/] - Initializing Spring embedded WebApplicationContext
22:59:56.243 [main] INFO  o.s.b.w.s.c.ServletWebServerApplicationContext - Root WebApplicationContext: initialization completed in 944 ms
22:59:57.597 [main] INFO  o.a.coyote.http11.Http11NioProtocol - Starting ProtocolHandler ["http-nio-9119"]
22:59:57.610 [main] INFO  o.s.b.w.e.tomcat.TomcatWebServer - Tomcat started on port(s): 9119 (http) with context path ''
22:59:57.619 [main] INFO  c.o.p.PermissionDemoApplication - Started PermissionDemoApplication in 2.717 seconds (JVM running for 3.543)
23:00:08.080 [http-nio-9119-exec-1] INFO  o.a.c.c.C.[Tomcat].[localhost].[/] - Initializing Spring DispatcherServlet 'dispatcherServlet'
23:00:08.080 [http-nio-9119-exec-1] INFO  o.s.web.servlet.DispatcherServlet - Initializing Servlet 'dispatcherServlet'
23:00:08.081 [http-nio-9119-exec-1] INFO  o.s.web.servlet.DispatcherServlet - Completed initialization in 1 ms
23:00:09.379 [http-nio-9119-exec-2] INFO  com.zaxxer.hikari.HikariDataSource - HikariPool-1 - Starting...
23:00:09.523 [http-nio-9119-exec-2] INFO  com.zaxxer.hikari.HikariDataSource - HikariPool-1 - Start completed.
23:02:51.324 [HikariPool-1 housekeeper] WARN  com.zaxxer.hikari.pool.HikariPool - HikariPool-1 - Thread starvation or clock leap detected (housekeeper delta=1m11s665ms798µs400ns).
23:06:32.966 [SpringApplicationShutdownHook] INFO  com.zaxxer.hikari.HikariDataSource - HikariPool-1 - Shutdown initiated...
23:06:32.986 [SpringApplicationShutdownHook] INFO  com.zaxxer.hikari.HikariDataSource - HikariPool-1 - Shutdown completed.
23:06:37.607 [background-preinit] INFO  o.h.validator.internal.util.Version - HV000001: Hibernate Validator 6.2.0.Final
23:06:37.612 [main] INFO  c.o.p.PermissionDemoApplication - Starting PermissionDemoApplication using Java 1.8.0_191 on DESKTOP-7P2EMS6 with PID 16908 (E:\idea_workspace\permission-demo\target\classes started by oldman in E:\idea_workspace\permission-demo)
23:06:37.612 [main] INFO  c.o.p.PermissionDemoApplication - No active profile set, falling back to default profiles: default
23:06:38.105 [main] INFO  o.s.d.r.c.RepositoryConfigurationDelegate - Multiple Spring Data modules found, entering strict repository configuration mode!
23:06:38.106 [main] INFO  o.s.d.r.c.RepositoryConfigurationDelegate - Bootstrapping Spring Data Redis repositories in DEFAULT mode.
23:06:38.125 [main] INFO  o.s.d.r.c.RepositoryConfigurationDelegate - Finished Spring Data repository scanning in 10 ms. Found 0 Redis repository interfaces.
23:06:38.459 [main] INFO  o.s.b.w.e.tomcat.TomcatWebServer - Tomcat initialized with port(s): 9119 (http)
23:06:38.465 [main] INFO  o.a.coyote.http11.Http11NioProtocol - Initializing ProtocolHandler ["http-nio-9119"]
23:06:38.465 [main] INFO  o.a.catalina.core.StandardService - Starting service [Tomcat]
23:06:38.465 [main] INFO  o.a.catalina.core.StandardEngine - Starting Servlet engine: [Apache Tomcat/9.0.50]
23:06:38.519 [main] INFO  o.a.c.c.C.[Tomcat].[localhost].[/] - Initializing Spring embedded WebApplicationContext
23:06:38.519 [main] INFO  o.s.b.w.s.c.ServletWebServerApplicationContext - Root WebApplicationContext: initialization completed in 872 ms
23:06:39.882 [main] INFO  o.a.coyote.http11.Http11NioProtocol - Starting ProtocolHandler ["http-nio-9119"]
23:06:39.893 [main] INFO  o.s.b.w.e.tomcat.TomcatWebServer - Tomcat started on port(s): 9119 (http) with context path ''
23:06:39.901 [main] INFO  c.o.p.PermissionDemoApplication - Started PermissionDemoApplication in 2.624 seconds (JVM running for 3.45)
23:06:47.803 [http-nio-9119-exec-1] INFO  o.a.c.c.C.[Tomcat].[localhost].[/] - Initializing Spring DispatcherServlet 'dispatcherServlet'
23:06:47.804 [http-nio-9119-exec-1] INFO  o.s.web.servlet.DispatcherServlet - Initializing Servlet 'dispatcherServlet'
23:06:47.804 [http-nio-9119-exec-1] INFO  o.s.web.servlet.DispatcherServlet - Completed initialization in 0 ms
23:06:49.025 [http-nio-9119-exec-2] INFO  com.zaxxer.hikari.HikariDataSource - HikariPool-1 - Starting...
23:06:49.161 [http-nio-9119-exec-2] INFO  com.zaxxer.hikari.HikariDataSource - HikariPool-1 - Start completed.
23:07:25.190 [SpringApplicationShutdownHook] INFO  com.zaxxer.hikari.HikariDataSource - HikariPool-1 - Shutdown initiated...
23:07:25.208 [SpringApplicationShutdownHook] INFO  com.zaxxer.hikari.HikariDataSource - HikariPool-1 - Shutdown completed.
23:07:29.754 [background-preinit] INFO  o.h.validator.internal.util.Version - HV000001: Hibernate Validator 6.2.0.Final
23:07:29.762 [main] INFO  c.o.p.PermissionDemoApplication - Starting PermissionDemoApplication using Java 1.8.0_191 on DESKTOP-7P2EMS6 with PID 28216 (E:\idea_workspace\permission-demo\target\classes started by oldman in E:\idea_workspace\permission-demo)
23:07:29.762 [main] INFO  c.o.p.PermissionDemoApplication - No active profile set, falling back to default profiles: default
23:07:30.303 [main] INFO  o.s.d.r.c.RepositoryConfigurationDelegate - Multiple Spring Data modules found, entering strict repository configuration mode!
23:07:30.304 [main] INFO  o.s.d.r.c.RepositoryConfigurationDelegate - Bootstrapping Spring Data Redis repositories in DEFAULT mode.
23:07:30.329 [main] INFO  o.s.d.r.c.RepositoryConfigurationDelegate - Finished Spring Data repository scanning in 15 ms. Found 0 Redis repository interfaces.
23:07:30.681 [main] INFO  o.s.b.w.e.tomcat.TomcatWebServer - Tomcat initialized with port(s): 9119 (http)
23:07:30.691 [main] INFO  o.a.coyote.http11.Http11NioProtocol - Initializing ProtocolHandler ["http-nio-9119"]
23:07:30.691 [main] INFO  o.a.catalina.core.StandardService - Starting service [Tomcat]
23:07:30.692 [main] INFO  o.a.catalina.core.StandardEngine - Starting Servlet engine: [Apache Tomcat/9.0.50]
23:07:30.746 [main] INFO  o.a.c.c.C.[Tomcat].[localhost].[/] - Initializing Spring embedded WebApplicationContext
23:07:30.746 [main] INFO  o.s.b.w.s.c.ServletWebServerApplicationContext - Root WebApplicationContext: initialization completed in 946 ms
23:07:32.235 [main] INFO  o.a.coyote.http11.Http11NioProtocol - Starting ProtocolHandler ["http-nio-9119"]
23:07:32.247 [main] INFO  o.s.b.w.e.tomcat.TomcatWebServer - Tomcat started on port(s): 9119 (http) with context path ''
23:07:32.254 [main] INFO  c.o.p.PermissionDemoApplication - Started PermissionDemoApplication in 2.865 seconds (JVM running for 3.716)
23:07:35.364 [http-nio-9119-exec-1] INFO  o.a.c.c.C.[Tomcat].[localhost].[/] - Initializing Spring DispatcherServlet 'dispatcherServlet'
23:07:35.365 [http-nio-9119-exec-1] INFO  o.s.web.servlet.DispatcherServlet - Initializing Servlet 'dispatcherServlet'
23:07:35.366 [http-nio-9119-exec-1] INFO  o.s.web.servlet.DispatcherServlet - Completed initialization in 1 ms
23:07:36.632 [http-nio-9119-exec-2] INFO  com.zaxxer.hikari.HikariDataSource - HikariPool-1 - Starting...
23:07:36.777 [http-nio-9119-exec-2] INFO  com.zaxxer.hikari.HikariDataSource - HikariPool-1 - Start completed.
23:08:15.780 [SpringApplicationShutdownHook] INFO  com.zaxxer.hikari.HikariDataSource - HikariPool-1 - Shutdown initiated...
23:08:15.836 [SpringApplicationShutdownHook] INFO  com.zaxxer.hikari.HikariDataSource - HikariPool-1 - Shutdown completed.
23:08:20.405 [background-preinit] INFO  o.h.validator.internal.util.Version - HV000001: Hibernate Validator 6.2.0.Final
23:08:20.413 [main] INFO  c.o.p.PermissionDemoApplication - Starting PermissionDemoApplication using Java 1.8.0_191 on DESKTOP-7P2EMS6 with PID 21512 (E:\idea_workspace\permission-demo\target\classes started by oldman in E:\idea_workspace\permission-demo)
23:08:20.413 [main] INFO  c.o.p.PermissionDemoApplication - No active profile set, falling back to default profiles: default
23:08:20.901 [main] INFO  o.s.d.r.c.RepositoryConfigurationDelegate - Multiple Spring Data modules found, entering strict repository configuration mode!
23:08:20.902 [main] INFO  o.s.d.r.c.RepositoryConfigurationDelegate - Bootstrapping Spring Data Redis repositories in DEFAULT mode.
23:08:20.920 [main] INFO  o.s.d.r.c.RepositoryConfigurationDelegate - Finished Spring Data repository scanning in 10 ms. Found 0 Redis repository interfaces.
23:08:21.270 [main] INFO  o.s.b.w.e.tomcat.TomcatWebServer - Tomcat initialized with port(s): 9119 (http)
23:08:21.277 [main] INFO  o.a.coyote.http11.Http11NioProtocol - Initializing ProtocolHandler ["http-nio-9119"]
23:08:21.278 [main] INFO  o.a.catalina.core.StandardService - Starting service [Tomcat]
23:08:21.278 [main] INFO  o.a.catalina.core.StandardEngine - Starting Servlet engine: [Apache Tomcat/9.0.50]
23:08:21.329 [main] INFO  o.a.c.c.C.[Tomcat].[localhost].[/] - Initializing Spring embedded WebApplicationContext
23:08:21.329 [main] INFO  o.s.b.w.s.c.ServletWebServerApplicationContext - Root WebApplicationContext: initialization completed in 882 ms
23:08:22.704 [main] INFO  o.a.coyote.http11.Http11NioProtocol - Starting ProtocolHandler ["http-nio-9119"]
23:08:22.720 [main] INFO  o.s.b.w.e.tomcat.TomcatWebServer - Tomcat started on port(s): 9119 (http) with context path ''
23:08:22.726 [main] INFO  c.o.p.PermissionDemoApplication - Started PermissionDemoApplication in 2.66 seconds (JVM running for 3.427)
23:08:26.229 [http-nio-9119-exec-1] INFO  o.a.c.c.C.[Tomcat].[localhost].[/] - Initializing Spring DispatcherServlet 'dispatcherServlet'
23:08:26.229 [http-nio-9119-exec-1] INFO  o.s.web.servlet.DispatcherServlet - Initializing Servlet 'dispatcherServlet'
23:08:26.230 [http-nio-9119-exec-1] INFO  o.s.web.servlet.DispatcherServlet - Completed initialization in 1 ms
23:08:27.444 [http-nio-9119-exec-2] INFO  com.zaxxer.hikari.HikariDataSource - HikariPool-1 - Starting...
23:08:27.579 [http-nio-9119-exec-2] INFO  com.zaxxer.hikari.HikariDataSource - HikariPool-1 - Start completed.
23:11:00.405 [SpringApplicationShutdownHook] INFO  com.zaxxer.hikari.HikariDataSource - HikariPool-1 - Shutdown initiated...
23:11:00.415 [SpringApplicationShutdownHook] INFO  com.zaxxer.hikari.HikariDataSource - HikariPool-1 - Shutdown completed.
23:11:04.926 [background-preinit] INFO  o.h.validator.internal.util.Version - HV000001: Hibernate Validator 6.2.0.Final
23:11:04.930 [main] INFO  c.o.p.PermissionDemoApplication - Starting PermissionDemoApplication using Java 1.8.0_191 on DESKTOP-7P2EMS6 with PID 5124 (E:\idea_workspace\permission-demo\target\classes started by oldman in E:\idea_workspace\permission-demo)
23:11:04.930 [main] INFO  c.o.p.PermissionDemoApplication - No active profile set, falling back to default profiles: default
23:11:05.438 [main] INFO  o.s.d.r.c.RepositoryConfigurationDelegate - Multiple Spring Data modules found, entering strict repository configuration mode!
23:11:05.440 [main] INFO  o.s.d.r.c.RepositoryConfigurationDelegate - Bootstrapping Spring Data Redis repositories in DEFAULT mode.
23:11:05.465 [main] INFO  o.s.d.r.c.RepositoryConfigurationDelegate - Finished Spring Data repository scanning in 13 ms. Found 0 Redis repository interfaces.
23:11:05.840 [main] INFO  o.s.b.w.e.tomcat.TomcatWebServer - Tomcat initialized with port(s): 9119 (http)
23:11:05.845 [main] INFO  o.a.coyote.http11.Http11NioProtocol - Initializing ProtocolHandler ["http-nio-9119"]
23:11:05.846 [main] INFO  o.a.catalina.core.StandardService - Starting service [Tomcat]
23:11:05.846 [main] INFO  o.a.catalina.core.StandardEngine - Starting Servlet engine: [Apache Tomcat/9.0.50]
23:11:05.907 [main] INFO  o.a.c.c.C.[Tomcat].[localhost].[/] - Initializing Spring embedded WebApplicationContext
23:11:05.908 [main] INFO  o.s.b.w.s.c.ServletWebServerApplicationContext - Root WebApplicationContext: initialization completed in 942 ms
23:11:07.364 [main] INFO  o.a.coyote.http11.Http11NioProtocol - Starting ProtocolHandler ["http-nio-9119"]
23:11:07.376 [main] INFO  o.s.b.w.e.tomcat.TomcatWebServer - Tomcat started on port(s): 9119 (http) with context path ''
23:11:07.384 [main] INFO  c.o.p.PermissionDemoApplication - Started PermissionDemoApplication in 2.806 seconds (JVM running for 3.603)
23:11:09.540 [http-nio-9119-exec-1] INFO  o.a.c.c.C.[Tomcat].[localhost].[/] - Initializing Spring DispatcherServlet 'dispatcherServlet'
23:11:09.540 [http-nio-9119-exec-1] INFO  o.s.web.servlet.DispatcherServlet - Initializing Servlet 'dispatcherServlet'
23:11:09.541 [http-nio-9119-exec-1] INFO  o.s.web.servlet.DispatcherServlet - Completed initialization in 1 ms
23:11:10.748 [http-nio-9119-exec-2] INFO  com.zaxxer.hikari.HikariDataSource - HikariPool-1 - Starting...
23:11:10.882 [http-nio-9119-exec-2] INFO  com.zaxxer.hikari.HikariDataSource - HikariPool-1 - Start completed.
23:20:46.332 [SpringApplicationShutdownHook] INFO  com.zaxxer.hikari.HikariDataSource - HikariPool-1 - Shutdown initiated...
23:20:46.338 [SpringApplicationShutdownHook] INFO  com.zaxxer.hikari.HikariDataSource - HikariPool-1 - Shutdown completed.
23:20:51.925 [background-preinit] INFO  o.h.validator.internal.util.Version - HV000001: Hibernate Validator 6.2.0.Final
23:20:51.930 [main] INFO  c.o.p.PermissionDemoApplication - Starting PermissionDemoApplication using Java 1.8.0_191 on DESKTOP-7P2EMS6 with PID 28544 (E:\idea_workspace\permission-demo\target\classes started by oldman in E:\idea_workspace\permission-demo)
23:20:51.930 [main] INFO  c.o.p.PermissionDemoApplication - No active profile set, falling back to default profiles: default
23:20:52.469 [main] INFO  o.s.d.r.c.RepositoryConfigurationDelegate - Multiple Spring Data modules found, entering strict repository configuration mode!
23:20:52.471 [main] INFO  o.s.d.r.c.RepositoryConfigurationDelegate - Bootstrapping Spring Data Redis repositories in DEFAULT mode.
23:20:52.493 [main] INFO  o.s.d.r.c.RepositoryConfigurationDelegate - Finished Spring Data repository scanning in 13 ms. Found 0 Redis repository interfaces.
23:20:52.856 [main] INFO  o.s.b.w.e.tomcat.TomcatWebServer - Tomcat initialized with port(s): 9119 (http)
23:20:52.862 [main] INFO  o.a.coyote.http11.Http11NioProtocol - Initializing ProtocolHandler ["http-nio-9119"]
23:20:52.862 [main] INFO  o.a.catalina.core.StandardService - Starting service [Tomcat]
23:20:52.862 [main] INFO  o.a.catalina.core.StandardEngine - Starting Servlet engine: [Apache Tomcat/9.0.50]
23:20:52.915 [main] INFO  o.a.c.c.C.[Tomcat].[localhost].[/] - Initializing Spring embedded WebApplicationContext
23:20:52.916 [main] INFO  o.s.b.w.s.c.ServletWebServerApplicationContext - Root WebApplicationContext: initialization completed in 952 ms
23:20:54.389 [main] INFO  o.a.coyote.http11.Http11NioProtocol - Starting ProtocolHandler ["http-nio-9119"]
23:20:54.401 [main] INFO  o.s.b.w.e.tomcat.TomcatWebServer - Tomcat started on port(s): 9119 (http) with context path ''
23:20:54.409 [main] INFO  c.o.p.PermissionDemoApplication - Started PermissionDemoApplication in 2.862 seconds (JVM running for 3.72)
23:21:17.349 [http-nio-9119-exec-1] INFO  o.a.c.c.C.[Tomcat].[localhost].[/] - Initializing Spring DispatcherServlet 'dispatcherServlet'
23:21:17.349 [http-nio-9119-exec-1] INFO  o.s.web.servlet.DispatcherServlet - Initializing Servlet 'dispatcherServlet'
23:21:17.350 [http-nio-9119-exec-1] INFO  o.s.web.servlet.DispatcherServlet - Completed initialization in 1 ms
23:21:18.593 [http-nio-9119-exec-2] INFO  com.zaxxer.hikari.HikariDataSource - HikariPool-1 - Starting...
23:21:18.726 [http-nio-9119-exec-2] INFO  com.zaxxer.hikari.HikariDataSource - HikariPool-1 - Start completed.
23:21:18.846 [http-nio-9119-exec-2] ERROR c.o.p.c.a.GlobalExceptionHandler - 异常信息: 删除失败
23:22:14.324 [http-nio-9119-exec-4] ERROR c.o.p.c.a.GlobalExceptionHandler - 异常信息: 删除失败
23:22:29.102 [SpringApplicationShutdownHook] INFO  com.zaxxer.hikari.HikariDataSource - HikariPool-1 - Shutdown initiated...
23:22:29.113 [SpringApplicationShutdownHook] INFO  com.zaxxer.hikari.HikariDataSource - HikariPool-1 - Shutdown completed.
23:22:33.113 [background-preinit] INFO  o.h.validator.internal.util.Version - HV000001: Hibernate Validator 6.2.0.Final
23:22:33.120 [main] INFO  c.o.p.PermissionDemoApplication - Starting PermissionDemoApplication using Java 1.8.0_191 on DESKTOP-7P2EMS6 with PID 28460 (E:\idea_workspace\permission-demo\target\classes started by oldman in E:\idea_workspace\permission-demo)
23:22:33.120 [main] INFO  c.o.p.PermissionDemoApplication - No active profile set, falling back to default profiles: default
23:22:33.639 [main] INFO  o.s.d.r.c.RepositoryConfigurationDelegate - Multiple Spring Data modules found, entering strict repository configuration mode!
23:22:33.640 [main] INFO  o.s.d.r.c.RepositoryConfigurationDelegate - Bootstrapping Spring Data Redis repositories in DEFAULT mode.
23:22:33.660 [main] INFO  o.s.d.r.c.RepositoryConfigurationDelegate - Finished Spring Data repository scanning in 11 ms. Found 0 Redis repository interfaces.
23:22:34.000 [main] INFO  o.s.b.w.e.tomcat.TomcatWebServer - Tomcat initialized with port(s): 9119 (http)
23:22:34.006 [main] INFO  o.a.coyote.http11.Http11NioProtocol - Initializing ProtocolHandler ["http-nio-9119"]
23:22:34.006 [main] INFO  o.a.catalina.core.StandardService - Starting service [Tomcat]
23:22:34.006 [main] INFO  o.a.catalina.core.StandardEngine - Starting Servlet engine: [Apache Tomcat/9.0.50]
23:22:34.063 [main] INFO  o.a.c.c.C.[Tomcat].[localhost].[/] - Initializing Spring embedded WebApplicationContext
23:22:34.064 [main] INFO  o.s.b.w.s.c.ServletWebServerApplicationContext - Root WebApplicationContext: initialization completed in 901 ms
23:22:35.467 [main] INFO  o.a.coyote.http11.Http11NioProtocol - Starting ProtocolHandler ["http-nio-9119"]
23:22:35.480 [main] INFO  o.s.b.w.e.tomcat.TomcatWebServer - Tomcat started on port(s): 9119 (http) with context path ''
23:22:35.489 [main] INFO  c.o.p.PermissionDemoApplication - Started PermissionDemoApplication in 2.781 seconds (JVM running for 3.584)
23:22:56.880 [background-preinit] INFO  o.h.validator.internal.util.Version - HV000001: Hibernate Validator 6.2.0.Final
23:22:56.885 [main] INFO  c.o.p.PermissionDemoApplication - Starting PermissionDemoApplication using Java 1.8.0_191 on DESKTOP-7P2EMS6 with PID 11820 (E:\idea_workspace\permission-demo\target\classes started by oldman in E:\idea_workspace\permission-demo)
23:22:56.886 [main] INFO  c.o.p.PermissionDemoApplication - No active profile set, falling back to default profiles: default
23:22:57.384 [main] INFO  o.s.d.r.c.RepositoryConfigurationDelegate - Multiple Spring Data modules found, entering strict repository configuration mode!
23:22:57.385 [main] INFO  o.s.d.r.c.RepositoryConfigurationDelegate - Bootstrapping Spring Data Redis repositories in DEFAULT mode.
23:22:57.406 [main] INFO  o.s.d.r.c.RepositoryConfigurationDelegate - Finished Spring Data repository scanning in 10 ms. Found 0 Redis repository interfaces.
23:22:57.738 [main] INFO  o.s.b.w.e.tomcat.TomcatWebServer - Tomcat initialized with port(s): 9119 (http)
23:22:57.743 [main] INFO  o.a.coyote.http11.Http11NioProtocol - Initializing ProtocolHandler ["http-nio-9119"]
23:22:57.743 [main] INFO  o.a.catalina.core.StandardService - Starting service [Tomcat]
23:22:57.743 [main] INFO  o.a.catalina.core.StandardEngine - Starting Servlet engine: [Apache Tomcat/9.0.50]
23:22:57.797 [main] INFO  o.a.c.c.C.[Tomcat].[localhost].[/] - Initializing Spring embedded WebApplicationContext
23:22:57.798 [main] INFO  o.s.b.w.s.c.ServletWebServerApplicationContext - Root WebApplicationContext: initialization completed in 880 ms
23:22:59.244 [main] INFO  o.a.coyote.http11.Http11NioProtocol - Starting ProtocolHandler ["http-nio-9119"]
23:22:59.276 [main] INFO  o.s.b.w.e.tomcat.TomcatWebServer - Tomcat started on port(s): 9119 (http) with context path ''
23:22:59.283 [main] INFO  c.o.p.PermissionDemoApplication - Started PermissionDemoApplication in 2.742 seconds (JVM running for 3.564)
23:23:07.759 [http-nio-9119-exec-1] INFO  o.a.c.c.C.[Tomcat].[localhost].[/] - Initializing Spring DispatcherServlet 'dispatcherServlet'
23:23:07.759 [http-nio-9119-exec-1] INFO  o.s.web.servlet.DispatcherServlet - Initializing Servlet 'dispatcherServlet'
23:23:07.760 [http-nio-9119-exec-1] INFO  o.s.web.servlet.DispatcherServlet - Completed initialization in 1 ms
23:23:09.004 [http-nio-9119-exec-2] INFO  com.zaxxer.hikari.HikariDataSource - HikariPool-1 - Starting...
23:23:09.143 [http-nio-9119-exec-2] INFO  com.zaxxer.hikari.HikariDataSource - HikariPool-1 - Start completed.
23:24:51.327 [SpringApplicationShutdownHook] INFO  com.zaxxer.hikari.HikariDataSource - HikariPool-1 - Shutdown initiated...
23:24:51.334 [SpringApplicationShutdownHook] INFO  com.zaxxer.hikari.HikariDataSource - HikariPool-1 - Shutdown completed.
