03:32:08.179 [background-preinit] INFO  o.h.validator.internal.util.Version - HV000001: Hibernate Validator 6.2.0.Final
03:32:08.190 [main] INFO  c.o.p.PermissionDemoApplication - Starting PermissionDemoApplication using Java 1.8.0_191 on DESKTOP-7P2EMS6 with PID 10988 (E:\idea_workspace\permission-demo\target\classes started by oldman in E:\idea_workspace\permission-demo)
03:32:08.191 [main] INFO  c.o.p.PermissionDemoApplication - No active profile set, falling back to default profiles: default
03:32:08.722 [main] INFO  o.s.d.r.c.RepositoryConfigurationDelegate - Multiple Spring Data modules found, entering strict repository configuration mode!
03:32:08.741 [main] INFO  o.s.d.r.c.RepositoryConfigurationDelegate - Bootstrapping Spring Data Redis repositories in DEFAULT mode.
03:32:08.762 [main] INFO  o.s.d.r.c.RepositoryConfigurationDelegate - Finished Spring Data repository scanning in 9 ms. Found 0 Redis repository interfaces.
03:32:09.123 [main] INFO  o.s.b.w.e.tomcat.TomcatWebServer - Tomcat initialized with port(s): 9119 (http)
03:32:09.132 [main] INFO  o.a.coyote.http11.Http11NioProtocol - Initializing ProtocolHandler ["http-nio-9119"]
03:32:09.132 [main] INFO  o.a.catalina.core.StandardService - Starting service [Tomcat]
03:32:09.132 [main] INFO  o.a.catalina.core.StandardEngine - Starting Servlet engine: [Apache Tomcat/9.0.50]
03:32:09.185 [main] INFO  o.a.c.c.C.[Tomcat].[localhost].[/] - Initializing Spring embedded WebApplicationContext
03:32:09.185 [main] INFO  o.s.b.w.s.c.ServletWebServerApplicationContext - Root WebApplicationContext: initialization completed in 957 ms
03:32:10.587 [main] INFO  o.a.coyote.http11.Http11NioProtocol - Starting ProtocolHandler ["http-nio-9119"]
03:32:10.598 [main] INFO  o.s.b.w.e.tomcat.TomcatWebServer - Tomcat started on port(s): 9119 (http) with context path ''
03:32:10.605 [main] INFO  c.o.p.PermissionDemoApplication - Started PermissionDemoApplication in 2.821 seconds (JVM running for 3.64)
03:32:15.103 [http-nio-9119-exec-1] INFO  o.a.c.c.C.[Tomcat].[localhost].[/] - Initializing Spring DispatcherServlet 'dispatcherServlet'
03:32:15.103 [http-nio-9119-exec-1] INFO  o.s.web.servlet.DispatcherServlet - Initializing Servlet 'dispatcherServlet'
03:32:15.106 [http-nio-9119-exec-1] INFO  o.s.web.servlet.DispatcherServlet - Completed initialization in 3 ms
03:32:15.142 [http-nio-9119-exec-1] ERROR c.o.p.c.a.GlobalExceptionHandler - 异常类型: java.lang.NullPointerException，异常详情：null
03:34:54.859 [background-preinit] INFO  o.h.validator.internal.util.Version - HV000001: Hibernate Validator 6.2.0.Final
03:34:54.866 [main] INFO  c.o.p.PermissionDemoApplication - Starting PermissionDemoApplication using Java 1.8.0_191 on DESKTOP-7P2EMS6 with PID 22036 (E:\idea_workspace\permission-demo\target\classes started by oldman in E:\idea_workspace\permission-demo)
03:34:54.867 [main] INFO  c.o.p.PermissionDemoApplication - No active profile set, falling back to default profiles: default
03:34:55.441 [main] INFO  o.s.d.r.c.RepositoryConfigurationDelegate - Multiple Spring Data modules found, entering strict repository configuration mode!
03:34:55.442 [main] INFO  o.s.d.r.c.RepositoryConfigurationDelegate - Bootstrapping Spring Data Redis repositories in DEFAULT mode.
03:34:55.463 [main] INFO  o.s.d.r.c.RepositoryConfigurationDelegate - Finished Spring Data repository scanning in 9 ms. Found 0 Redis repository interfaces.
03:34:55.829 [main] INFO  o.s.b.w.e.tomcat.TomcatWebServer - Tomcat initialized with port(s): 9119 (http)
03:34:55.837 [main] INFO  o.a.coyote.http11.Http11NioProtocol - Initializing ProtocolHandler ["http-nio-9119"]
03:34:55.838 [main] INFO  o.a.catalina.core.StandardService - Starting service [Tomcat]
03:34:55.838 [main] INFO  o.a.catalina.core.StandardEngine - Starting Servlet engine: [Apache Tomcat/9.0.50]
03:34:55.901 [main] INFO  o.a.c.c.C.[Tomcat].[localhost].[/] - Initializing Spring embedded WebApplicationContext
03:34:55.901 [main] INFO  o.s.b.w.s.c.ServletWebServerApplicationContext - Root WebApplicationContext: initialization completed in 990 ms
03:34:57.354 [main] INFO  o.a.coyote.http11.Http11NioProtocol - Starting ProtocolHandler ["http-nio-9119"]
03:34:57.369 [main] INFO  o.s.b.w.e.tomcat.TomcatWebServer - Tomcat started on port(s): 9119 (http) with context path ''
03:34:57.376 [main] INFO  c.o.p.PermissionDemoApplication - Started PermissionDemoApplication in 2.907 seconds (JVM running for 3.935)
03:34:59.119 [http-nio-9119-exec-1] INFO  o.a.c.c.C.[Tomcat].[localhost].[/] - Initializing Spring DispatcherServlet 'dispatcherServlet'
03:34:59.119 [http-nio-9119-exec-1] INFO  o.s.web.servlet.DispatcherServlet - Initializing Servlet 'dispatcherServlet'
03:34:59.119 [http-nio-9119-exec-1] INFO  o.s.web.servlet.DispatcherServlet - Completed initialization in 0 ms
03:34:59.150 [http-nio-9119-exec-1] ERROR c.o.p.c.a.GlobalExceptionHandler - 异常类型: java.lang.NullPointerException，异常详情：null，行号：getUserId
03:36:12.986 [background-preinit] INFO  o.h.validator.internal.util.Version - HV000001: Hibernate Validator 6.2.0.Final
03:36:12.991 [main] INFO  c.o.p.PermissionDemoApplication - Starting PermissionDemoApplication using Java 1.8.0_191 on DESKTOP-7P2EMS6 with PID 27560 (E:\idea_workspace\permission-demo\target\classes started by oldman in E:\idea_workspace\permission-demo)
03:36:12.991 [main] INFO  c.o.p.PermissionDemoApplication - No active profile set, falling back to default profiles: default
03:36:13.540 [main] INFO  o.s.d.r.c.RepositoryConfigurationDelegate - Multiple Spring Data modules found, entering strict repository configuration mode!
03:36:13.542 [main] INFO  o.s.d.r.c.RepositoryConfigurationDelegate - Bootstrapping Spring Data Redis repositories in DEFAULT mode.
03:36:13.569 [main] INFO  o.s.d.r.c.RepositoryConfigurationDelegate - Finished Spring Data repository scanning in 11 ms. Found 0 Redis repository interfaces.
03:36:14.001 [main] INFO  o.s.b.w.e.tomcat.TomcatWebServer - Tomcat initialized with port(s): 9119 (http)
03:36:14.009 [main] INFO  o.a.coyote.http11.Http11NioProtocol - Initializing ProtocolHandler ["http-nio-9119"]
03:36:14.010 [main] INFO  o.a.catalina.core.StandardService - Starting service [Tomcat]
03:36:14.011 [main] INFO  o.a.catalina.core.StandardEngine - Starting Servlet engine: [Apache Tomcat/9.0.50]
03:36:14.075 [main] INFO  o.a.c.c.C.[Tomcat].[localhost].[/] - Initializing Spring embedded WebApplicationContext
03:36:14.076 [main] INFO  o.s.b.w.s.c.ServletWebServerApplicationContext - Root WebApplicationContext: initialization completed in 1040 ms
03:36:15.573 [main] INFO  o.a.coyote.http11.Http11NioProtocol - Starting ProtocolHandler ["http-nio-9119"]
03:36:15.584 [main] INFO  o.s.b.w.e.tomcat.TomcatWebServer - Tomcat started on port(s): 9119 (http) with context path ''
03:36:15.591 [main] INFO  c.o.p.PermissionDemoApplication - Started PermissionDemoApplication in 3.013 seconds (JVM running for 3.962)
03:36:17.775 [http-nio-9119-exec-1] INFO  o.a.c.c.C.[Tomcat].[localhost].[/] - Initializing Spring DispatcherServlet 'dispatcherServlet'
03:36:17.775 [http-nio-9119-exec-1] INFO  o.s.web.servlet.DispatcherServlet - Initializing Servlet 'dispatcherServlet'
03:36:17.776 [http-nio-9119-exec-1] INFO  o.s.web.servlet.DispatcherServlet - Completed initialization in 1 ms
03:36:17.804 [http-nio-9119-exec-1] ERROR c.o.p.c.a.GlobalExceptionHandler - 异常类型: java.lang.NullPointerException，异常详情：null，异常文件：JwtUtils.java，异常方法：getUserId，行号：73
03:36:56.790 [http-nio-9119-exec-2] ERROR c.o.p.c.a.GlobalExceptionHandler - 异常类型: java.lang.NullPointerException，异常详情：null，异常文件：JwtUtils.java，异常方法：getUserId，行号：73
03:39:29.989 [background-preinit] INFO  o.h.validator.internal.util.Version - HV000001: Hibernate Validator 6.2.0.Final
03:39:29.999 [main] INFO  c.o.p.PermissionDemoApplication - Starting PermissionDemoApplication using Java 1.8.0_191 on DESKTOP-7P2EMS6 with PID 4540 (E:\idea_workspace\permission-demo\target\classes started by oldman in E:\idea_workspace\permission-demo)
03:39:29.999 [main] INFO  c.o.p.PermissionDemoApplication - No active profile set, falling back to default profiles: default
03:39:30.584 [main] INFO  o.s.d.r.c.RepositoryConfigurationDelegate - Multiple Spring Data modules found, entering strict repository configuration mode!
03:39:30.586 [main] INFO  o.s.d.r.c.RepositoryConfigurationDelegate - Bootstrapping Spring Data Redis repositories in DEFAULT mode.
03:39:30.608 [main] INFO  o.s.d.r.c.RepositoryConfigurationDelegate - Finished Spring Data repository scanning in 10 ms. Found 0 Redis repository interfaces.
03:39:30.990 [main] INFO  o.s.b.w.e.tomcat.TomcatWebServer - Tomcat initialized with port(s): 9119 (http)
03:39:30.997 [main] INFO  o.a.coyote.http11.Http11NioProtocol - Initializing ProtocolHandler ["http-nio-9119"]
03:39:30.997 [main] INFO  o.a.catalina.core.StandardService - Starting service [Tomcat]
03:39:30.997 [main] INFO  o.a.catalina.core.StandardEngine - Starting Servlet engine: [Apache Tomcat/9.0.50]
03:39:31.052 [main] INFO  o.a.c.c.C.[Tomcat].[localhost].[/] - Initializing Spring embedded WebApplicationContext
03:39:31.052 [main] INFO  o.s.b.w.s.c.ServletWebServerApplicationContext - Root WebApplicationContext: initialization completed in 1014 ms
03:39:32.577 [main] INFO  o.a.coyote.http11.Http11NioProtocol - Starting ProtocolHandler ["http-nio-9119"]
03:39:32.596 [main] INFO  o.s.b.w.e.tomcat.TomcatWebServer - Tomcat started on port(s): 9119 (http) with context path ''
03:39:32.603 [main] INFO  c.o.p.PermissionDemoApplication - Started PermissionDemoApplication in 3.225 seconds (JVM running for 4.258)
03:39:33.879 [http-nio-9119-exec-2] INFO  o.a.c.c.C.[Tomcat].[localhost].[/] - Initializing Spring DispatcherServlet 'dispatcherServlet'
03:39:33.879 [http-nio-9119-exec-2] INFO  o.s.web.servlet.DispatcherServlet - Initializing Servlet 'dispatcherServlet'
03:39:33.879 [http-nio-9119-exec-2] INFO  o.s.web.servlet.DispatcherServlet - Completed initialization in 0 ms
03:39:39.016 [http-nio-9119-exec-2] INFO  c.o.p.c.i.JwtTokenInterceptor - userID=============>null
03:39:46.532 [http-nio-9119-exec-1] INFO  com.zaxxer.hikari.HikariDataSource - HikariPool-1 - Starting...
03:39:47.078 [http-nio-9119-exec-1] INFO  com.zaxxer.hikari.HikariDataSource - HikariPool-1 - Start completed.
03:39:54.343 [http-nio-9119-exec-3] INFO  c.o.p.c.i.JwtTokenInterceptor - userID=============>7
03:40:15.253 [http-nio-9119-exec-4] INFO  c.o.p.c.i.JwtTokenInterceptor - userID=============>null
03:40:18.418 [http-nio-9119-exec-5] INFO  c.o.p.c.i.JwtTokenInterceptor - userID=============>7
03:40:24.969 [http-nio-9119-exec-6] INFO  c.o.p.c.i.JwtTokenInterceptor - userID=============>null
03:40:32.581 [http-nio-9119-exec-7] INFO  c.o.p.c.i.JwtTokenInterceptor - userID=============>null
03:40:37.359 [http-nio-9119-exec-8] INFO  c.o.p.c.i.JwtTokenInterceptor - userID=============>7
03:42:10.329 [http-nio-9119-exec-1] INFO  c.o.p.c.i.JwtTokenInterceptor - userID=============>null
03:42:12.533 [http-nio-9119-exec-3] INFO  c.o.p.c.i.JwtTokenInterceptor - userID=============>null
03:42:13.097 [http-nio-9119-exec-4] INFO  c.o.p.c.i.JwtTokenInterceptor - userID=============>null
03:42:45.185 [http-nio-9119-exec-6] INFO  c.o.p.c.i.JwtTokenInterceptor - userID=============>7
03:48:05.565 [SpringApplicationShutdownHook] INFO  com.zaxxer.hikari.HikariDataSource - HikariPool-1 - Shutdown initiated...
03:48:05.577 [SpringApplicationShutdownHook] INFO  com.zaxxer.hikari.HikariDataSource - HikariPool-1 - Shutdown completed.
